[0.134s] Invoking command in '/home/shanto/Documents/arm-ws-v0.0.0/ros_ws/build/planner': CMAKE_PREFIX_PATH=${CMAKE_PREFIX_PATH}:/home/shanto/Documents/arm-ws-v0.0.0/ros_ws/src/install/cps_bridge:/home/shanto/Documents/arm-ws-v0.0.0/ros_ws/install/cps_bridge:/opt/ros/humble /usr/bin/cmake /home/shanto/Documents/arm-ws-v0.0.0/ros_ws/src/planner -DCMAKE_INSTALL_PREFIX=/home/shanto/Documents/arm-ws-v0.0.0/ros_ws/install/planner
[0.195s] -- The C compiler identification is GNU 11.4.0
[0.241s] -- The CXX compiler identification is GNU 11.4.0
[0.247s] -- Detecting C compiler ABI info
[0.314s] -- Detecting C compiler ABI info - done
[0.319s] -- Check for working C compiler: /usr/bin/cc - skipped
[0.319s] -- Detecting C compile features
[0.319s] -- Detecting C compile features - done
[0.321s] -- Detecting CXX compiler ABI info
[0.398s] -- Detecting CXX compiler ABI info - done
[0.402s] -- Check for working CXX compiler: /usr/bin/c++ - skipped
[0.403s] -- Detecting CXX compile features
[0.403s] -- Detecting CXX compile features - done
[0.404s] -- Found ament_cmake: 1.3.11 (/opt/ros/humble/share/ament_cmake/cmake)
[0.656s] -- Found Python3: /usr/bin/python3 (found version "3.10.12") found components: Interpreter 
[0.714s] -- Found ament_lint_auto: 0.12.12 (/opt/ros/humble/share/ament_lint_auto/cmake)
[0.772s] -- Added test 'lint_cmake' to check CMake code style
[0.772s] -- Added test 'xmllint' to check XML markup files
[0.773s] -- Configuring done
[0.774s] -- Generating done
[0.775s] -- Build files have been written to: /home/shanto/Documents/arm-ws-v0.0.0/ros_ws/build/planner
[0.778s] Invoked command in '/home/shanto/Documents/arm-ws-v0.0.0/ros_ws/build/planner' returned '0': CMAKE_PREFIX_PATH=${CMAKE_PREFIX_PATH}:/home/shanto/Documents/arm-ws-v0.0.0/ros_ws/src/install/cps_bridge:/home/shanto/Documents/arm-ws-v0.0.0/ros_ws/install/cps_bridge:/opt/ros/humble /usr/bin/cmake /home/shanto/Documents/arm-ws-v0.0.0/ros_ws/src/planner -DCMAKE_INSTALL_PREFIX=/home/shanto/Documents/arm-ws-v0.0.0/ros_ws/install/planner
[0.779s] Invoking command in '/home/shanto/Documents/arm-ws-v0.0.0/ros_ws/build/planner': CMAKE_PREFIX_PATH=${CMAKE_PREFIX_PATH}:/home/shanto/Documents/arm-ws-v0.0.0/ros_ws/src/install/cps_bridge:/home/shanto/Documents/arm-ws-v0.0.0/ros_ws/install/cps_bridge:/opt/ros/humble /usr/bin/cmake --build /home/shanto/Documents/arm-ws-v0.0.0/ros_ws/build/planner -- -j22 -l22
[0.813s] Invoked command in '/home/shanto/Documents/arm-ws-v0.0.0/ros_ws/build/planner' returned '0': CMAKE_PREFIX_PATH=${CMAKE_PREFIX_PATH}:/home/shanto/Documents/arm-ws-v0.0.0/ros_ws/src/install/cps_bridge:/home/shanto/Documents/arm-ws-v0.0.0/ros_ws/install/cps_bridge:/opt/ros/humble /usr/bin/cmake --build /home/shanto/Documents/arm-ws-v0.0.0/ros_ws/build/planner -- -j22 -l22
[0.825s] Invoking command in '/home/shanto/Documents/arm-ws-v0.0.0/ros_ws/build/planner': CMAKE_PREFIX_PATH=${CMAKE_PREFIX_PATH}:/home/shanto/Documents/arm-ws-v0.0.0/ros_ws/src/install/cps_bridge:/home/shanto/Documents/arm-ws-v0.0.0/ros_ws/install/cps_bridge:/opt/ros/humble /usr/bin/cmake --install /home/shanto/Documents/arm-ws-v0.0.0/ros_ws/build/planner
[0.832s] -- Install configuration: ""
[0.832s] -- Installing: /home/shanto/Documents/arm-ws-v0.0.0/ros_ws/install/planner/share/ament_index/resource_index/package_run_dependencies/planner
[0.832s] -- Installing: /home/shanto/Documents/arm-ws-v0.0.0/ros_ws/install/planner/share/ament_index/resource_index/parent_prefix_path/planner
[0.832s] -- Up-to-date: /home/shanto/Documents/arm-ws-v0.0.0/ros_ws/install/planner/share/planner/environment/ament_prefix_path.sh
[0.832s] -- Installing: /home/shanto/Documents/arm-ws-v0.0.0/ros_ws/install/planner/share/planner/environment/ament_prefix_path.dsv
[0.832s] -- Up-to-date: /home/shanto/Documents/arm-ws-v0.0.0/ros_ws/install/planner/share/planner/environment/path.sh
[0.832s] -- Installing: /home/shanto/Documents/arm-ws-v0.0.0/ros_ws/install/planner/share/planner/environment/path.dsv
[0.832s] -- Installing: /home/shanto/Documents/arm-ws-v0.0.0/ros_ws/install/planner/share/planner/local_setup.bash
[0.832s] -- Installing: /home/shanto/Documents/arm-ws-v0.0.0/ros_ws/install/planner/share/planner/local_setup.sh
[0.832s] -- Installing: /home/shanto/Documents/arm-ws-v0.0.0/ros_ws/install/planner/share/planner/local_setup.zsh
[0.832s] -- Installing: /home/shanto/Documents/arm-ws-v0.0.0/ros_ws/install/planner/share/planner/local_setup.dsv
[0.832s] -- Installing: /home/shanto/Documents/arm-ws-v0.0.0/ros_ws/install/planner/share/planner/package.dsv
[0.832s] -- Installing: /home/shanto/Documents/arm-ws-v0.0.0/ros_ws/install/planner/share/ament_index/resource_index/packages/planner
[0.832s] -- Installing: /home/shanto/Documents/arm-ws-v0.0.0/ros_ws/install/planner/share/planner/cmake/plannerConfig.cmake
[0.832s] -- Installing: /home/shanto/Documents/arm-ws-v0.0.0/ros_ws/install/planner/share/planner/cmake/plannerConfig-version.cmake
[0.833s] -- Up-to-date: /home/shanto/Documents/arm-ws-v0.0.0/ros_ws/install/planner/share/planner/package.xml
[0.834s] Invoked command in '/home/shanto/Documents/arm-ws-v0.0.0/ros_ws/build/planner' returned '0': CMAKE_PREFIX_PATH=${CMAKE_PREFIX_PATH}:/home/shanto/Documents/arm-ws-v0.0.0/ros_ws/src/install/cps_bridge:/home/shanto/Documents/arm-ws-v0.0.0/ros_ws/install/cps_bridge:/opt/ros/humble /usr/bin/cmake --install /home/shanto/Documents/arm-ws-v0.0.0/ros_ws/build/planner
