[0.016s] Invoking command in '/home/shanto/Documents/arm-ws-v0.0.0/ros_ws/build/coppeliasim_bridge': CMAKE_PREFIX_PATH=${CMAKE_PREFIX_PATH}:/opt/ros/humble /usr/bin/cmake --build /home/shanto/Documents/arm-ws-v0.0.0/ros_ws/build/coppeliasim_bridge -- -j22 -l22
[1.287s] -- jsoncons v1.3.2
[1.297s] -- Version 11.4.0
[1.299s] -- Found ament_cmake: 1.3.11 (/opt/ros/humble/share/ament_cmake/cmake)
[1.466s] -- Found ament_lint_auto: 0.12.12 (/opt/ros/humble/share/ament_lint_auto/cmake)
[1.521s] -- Added test 'cppcheck' to perform static code analysis on C / C++ code
[1.521s] -- Configured cppcheck include dirs: 
[1.521s] -- Configured cppcheck exclude dirs and/or files: 
[1.521s] -- Added test 'lint_cmake' to check CMake code style
[1.522s] -- Added test 'uncrustify' to check C / C++ code style
[1.522s] -- Configured uncrustify additional arguments: 
[1.522s] -- Added test 'xmllint' to check XML markup files
[1.522s] -- Configuring done
[1.541s] -- Generating done
[1.546s] -- Build files have been written to: /home/shanto/Documents/arm-ws-v0.0.0/ros_ws/build/coppeliasim_bridge
[1.574s] [35m[1mConsolidate compiler generated dependencies of target zmq_pub[0m
[1.592s] [  1%] [32mBuilding CXX object CMakeFiles/zmq_pub.dir/src/zmq_pub.cpp.o[0m
[1.600s] [35m[1mConsolidate compiler generated dependencies of target unit_tests[0m
[1.725s] [01m[K/home/shanto/Documents/arm-ws-v0.0.0/ros_ws/src/coppeliasim_bridge/src/zmq_pub.cpp:[m[K In function ‘[01m[Kint main(int, char**)[m[K’:
[1.725s] [01m[K/home/shanto/Documents/arm-ws-v0.0.0/ros_ws/src/coppeliasim_bridge/src/zmq_pub.cpp:3:14:[m[K [01;35m[Kwarning: [m[Kunused parameter ‘[01m[Kargc[m[K’ [[01;35m[K]8;;https://gcc.gnu.org/onlinedocs/gcc/Warning-Options.html#index-Wunused-parameter-Wunused-parameter]8;;[m[K]
[1.725s]     3 | int main([01;35m[Kint argc[m[K, char **argv)
[1.725s]       |          [01;35m[K~~~~^~~~[m[K
[1.725s] [01m[K/home/shanto/Documents/arm-ws-v0.0.0/ros_ws/src/coppeliasim_bridge/src/zmq_pub.cpp:3:27:[m[K [01;35m[Kwarning: [m[Kunused parameter ‘[01m[Kargv[m[K’ [[01;35m[K]8;;https://gcc.gnu.org/onlinedocs/gcc/Warning-Options.html#index-Wunused-parameter-Wunused-parameter]8;;[m[K]
[1.725s]     3 | int main(int argc, [01;35m[Kchar **argv[m[K)
[1.725s]       |                    [01;35m[K~~~~~~~^~~~[m[K
[1.744s] [  2%] [32mBuilding CXX object _deps/jsoncons-build/test/CMakeFiles/unit_tests.dir/csv/src/csv_tests.cpp.o[0m
[1.753s] [  3%] [32mBuilding CXX object _deps/jsoncons-build/test/CMakeFiles/unit_tests.dir/csv/src/csv_cursor_tests.cpp.o[0m
[1.755s] [  3%] [32mBuilding CXX object _deps/jsoncons-build/test/CMakeFiles/unit_tests.dir/corelib/src/reflect/reflect_traits_gen_functional_tests.cpp.o[0m
[1.756s] [  4%] [32mBuilding CXX object _deps/jsoncons-build/test/CMakeFiles/unit_tests.dir/jmespath/src/jmespath_expression_tests.cpp.o[0m
[1.762s] [  5%] [32mBuilding CXX object _deps/jsoncons-build/test/CMakeFiles/unit_tests.dir/corelib/src/reflect/reflect_traits_gen_tests.cpp.o[0m
[1.769s] [  6%] [32mBuilding CXX object _deps/jsoncons-build/test/CMakeFiles/unit_tests.dir/jmespath/src/jmespath_let_tests.cpp.o[0m
[1.774s] [  7%] [32mBuilding CXX object _deps/jsoncons-build/test/CMakeFiles/unit_tests.dir/csv/src/encode_decode_csv_tests.cpp.o[0m
[1.778s] [  7%] [32mBuilding CXX object _deps/jsoncons-build/test/CMakeFiles/unit_tests.dir/jmespath/src/jmespath_custom_function_tests.cpp.o[0m
[1.783s] [  8%] [32mBuilding CXX object _deps/jsoncons-build/test/CMakeFiles/unit_tests.dir/jsonpath/src/jsonpath_custom_function_tests.cpp.o[0m
[1.787s] [  8%] [32mBuilding CXX object _deps/jsoncons-build/test/CMakeFiles/unit_tests.dir/jsonpath/src/jsonpath_flatten_tests.cpp.o[0m
[1.788s] [  9%] [32mBuilding CXX object _deps/jsoncons-build/test/CMakeFiles/unit_tests.dir/jsonpath/src/jsonpath_expression_tests.cpp.o[0m
[1.795s] [ 10%] [32mBuilding CXX object _deps/jsoncons-build/test/CMakeFiles/unit_tests.dir/jsonpath/src/jsonpath_json_query_tests.cpp.o[0m
[1.799s] [ 10%] [32mBuilding CXX object _deps/jsoncons-build/test/CMakeFiles/unit_tests.dir/jsonpath/src/jsonpath_test_suite.cpp.o[0m
[1.801s] [ 11%] [32mBuilding CXX object _deps/jsoncons-build/test/CMakeFiles/unit_tests.dir/jsonpatch/src/jsonpatch_tests.cpp.o[0m
[1.803s] [ 11%] [32mBuilding CXX object _deps/jsoncons-build/test/CMakeFiles/unit_tests.dir/jmespath/src/jmespath_tests.cpp.o[0m
[1.810s] [ 11%] [32mBuilding CXX object _deps/jsoncons-build/test/CMakeFiles/unit_tests.dir/jsonschema/src/abort_early_tests.cpp.o[0m
[1.816s] [ 11%] [32mBuilding CXX object _deps/jsoncons-build/test/CMakeFiles/unit_tests.dir/jsonpath/src/jsonpath_json_replace_tests.cpp.o[0m
[1.816s] [ 12%] [32mBuilding CXX object _deps/jsoncons-build/test/CMakeFiles/unit_tests.dir/jsonpath/src/jsonpath_stateful_allocator_tests.cpp.o[0m
[1.817s] [ 13%] [32mBuilding CXX object _deps/jsoncons-build/test/CMakeFiles/unit_tests.dir/jsonpath/src/jsonpath_select_paths_tests.cpp.o[0m
[1.827s] [ 14%] [32mBuilding CXX object _deps/jsoncons-build/test/CMakeFiles/unit_tests.dir/jsonpath/src/jsonpath_function_tests.cpp.o[0m
[1.834s] [ 15%] [32mBuilding CXX object _deps/jsoncons-build/test/CMakeFiles/unit_tests.dir/jsonpointer/src/jsonpointer_tests.cpp.o[0m
[1.964s] [ 16%] [32m[1mLinking CXX executable zmq_pub[0m
[2.096s] [ 16%] Built target zmq_pub
[2.111s] [ 17%] [32mBuilding CXX object _deps/jsoncons-build/test/CMakeFiles/unit_tests.dir/jsonschema/src/custom_message_tests.cpp.o[0m
