-- Found ament_cmake: 1.3.11 (/opt/ros/humble/share/ament_cmake/cmake)
-- Found CoppeliaSim at: /home/shanto/CoppeliaSim_Pro_V4_10_0_rev0_Ubuntu22_04
-- CoppeliaSim include dir: /home/shanto/CoppeliaSim_Pro_V4_10_0_rev0_Ubuntu22_04/programming/include
-- CoppeliaSim lib dir: /home/shanto/CoppeliaSim_Pro_V4_10_0_rev0_Ubuntu22_04/programming/lib
-- Found ament_lint_auto: 0.12.12 (/opt/ros/humble/share/ament_lint_auto/cmake)
-- Added test 'cppcheck' to perform static code analysis on C / C++ code
-- Configured cppcheck include dirs: 
-- Configured cppcheck exclude dirs and/or files: 
-- Added test 'lint_cmake' to check CMake code style
-- Added test 'uncrustify' to check C / C++ code style
-- Configured uncrustify additional arguments: 
-- Added test 'xmllint' to check XML markup files
-- Configuring done
-- Generating done
-- Build files have been written to: /home/shanto/Documents/arm-ws-v0.0.0/ros_ws/build/coppeliasim_bridge
[35m[1mConsolidate compiler generated dependencies of target zmq_pub[0m
[ 50%] [32m[1mLinking CXX executable zmq_pub[0m
[100%] Built target zmq_pub
-- Install configuration: "Release"
-- Up-to-date: /home/shanto/Documents/arm-ws-v0.0.0/ros_ws/install/coppeliasim_bridge/share/ament_index/resource_index/package_run_dependencies/coppeliasim_bridge
-- Up-to-date: /home/shanto/Documents/arm-ws-v0.0.0/ros_ws/install/coppeliasim_bridge/share/ament_index/resource_index/parent_prefix_path/coppeliasim_bridge
-- Up-to-date: /home/shanto/Documents/arm-ws-v0.0.0/ros_ws/install/coppeliasim_bridge/share/coppeliasim_bridge/environment/ament_prefix_path.sh
-- Installing: /home/shanto/Documents/arm-ws-v0.0.0/ros_ws/install/coppeliasim_bridge/share/coppeliasim_bridge/environment/ament_prefix_path.dsv
-- Up-to-date: /home/shanto/Documents/arm-ws-v0.0.0/ros_ws/install/coppeliasim_bridge/share/coppeliasim_bridge/environment/path.sh
-- Installing: /home/shanto/Documents/arm-ws-v0.0.0/ros_ws/install/coppeliasim_bridge/share/coppeliasim_bridge/environment/path.dsv
-- Up-to-date: /home/shanto/Documents/arm-ws-v0.0.0/ros_ws/install/coppeliasim_bridge/share/coppeliasim_bridge/local_setup.bash
-- Up-to-date: /home/shanto/Documents/arm-ws-v0.0.0/ros_ws/install/coppeliasim_bridge/share/coppeliasim_bridge/local_setup.sh
-- Up-to-date: /home/shanto/Documents/arm-ws-v0.0.0/ros_ws/install/coppeliasim_bridge/share/coppeliasim_bridge/local_setup.zsh
-- Installing: /home/shanto/Documents/arm-ws-v0.0.0/ros_ws/install/coppeliasim_bridge/share/coppeliasim_bridge/local_setup.dsv
-- Installing: /home/shanto/Documents/arm-ws-v0.0.0/ros_ws/install/coppeliasim_bridge/share/coppeliasim_bridge/package.dsv
-- Up-to-date: /home/shanto/Documents/arm-ws-v0.0.0/ros_ws/install/coppeliasim_bridge/share/ament_index/resource_index/packages/coppeliasim_bridge
-- Up-to-date: /home/shanto/Documents/arm-ws-v0.0.0/ros_ws/install/coppeliasim_bridge/share/coppeliasim_bridge/cmake/coppeliasim_bridgeConfig.cmake
-- Up-to-date: /home/shanto/Documents/arm-ws-v0.0.0/ros_ws/install/coppeliasim_bridge/share/coppeliasim_bridge/cmake/coppeliasim_bridgeConfig-version.cmake
-- Up-to-date: /home/shanto/Documents/arm-ws-v0.0.0/ros_ws/install/coppeliasim_bridge/share/coppeliasim_bridge/package.xml
