[0.012s] Invoking command in '/home/shanto/Documents/arm-ws-v0.0.0/ros_ws/build/coppeliasim_bridge': CMAKE_PREFIX_PATH=${CMAKE_PREFIX_PATH}:/opt/ros/humble /usr/bin/cmake --build /home/shanto/Documents/arm-ws-v0.0.0/ros_ws/build/coppeliasim_bridge -- -j22 -l22
[0.058s] [35m[1mConsolidate compiler generated dependencies of target zmq_pub[0m
[0.074s] [ 50%] [32mBuilding CXX object CMakeFiles/zmq_pub.dir/src/zmq_pub.cpp.o[0m
[0.733s] [01m[K/home/shanto/Documents/arm-ws-v0.0.0/ros_ws/src/coppeliasim_bridge/src/zmq_pub.cpp:[m[K In function ‘[01m[Kint main(int, char**)[m[K’:
[0.733s] [01m[K/home/shanto/Documents/arm-ws-v0.0.0/ros_ws/src/coppeliasim_bridge/src/zmq_pub.cpp:8:9:[m[K [01;31m[Kerror: [m[K‘[01m[Kclass jsoncons::basic_json<char, jsoncons::sorted_policy, std::allocator<char> >[m[K’ has no member named ‘[01m[KsetStepping[m[K’
[0.733s]     8 |     sim.[01;31m[KsetStepping[m[K(true);
[0.733s]       |         [01;31m[K^~~~~~~~~~~[m[K
[0.733s] [01m[K/home/shanto/Documents/arm-ws-v0.0.0/ros_ws/src/coppeliasim_bridge/src/zmq_pub.cpp:10:9:[m[K [01;31m[Kerror: [m[K‘[01m[Kclass jsoncons::basic_json<char, jsoncons::sorted_policy, std::allocator<char> >[m[K’ has no member named ‘[01m[KstartSimulation[m[K’
[0.733s]    10 |     sim.[01;31m[KstartSimulation[m[K();
[0.733s]       |         [01;31m[K^~~~~~~~~~~~~~~[m[K
[0.733s] [01m[K/home/shanto/Documents/arm-ws-v0.0.0/ros_ws/src/coppeliasim_bridge/src/zmq_pub.cpp:14:17:[m[K [01;31m[Kerror: [m[K‘[01m[Kclass jsoncons::basic_json<char, jsoncons::sorted_policy, std::allocator<char> >[m[K’ has no member named ‘[01m[KgetSimulationTime[m[K’
[0.733s]    14 |         t = sim.[01;31m[KgetSimulationTime[m[K();
[0.734s]       |                 [01;31m[K^~~~~~~~~~~~~~~~~[m[K
[0.734s] [01m[K/home/shanto/Documents/arm-ws-v0.0.0/ros_ws/src/coppeliasim_bridge/src/zmq_pub.cpp:16:13:[m[K [01;31m[Kerror: [m[K‘[01m[Kclass jsoncons::basic_json<char, jsoncons::sorted_policy, std::allocator<char> >[m[K’ has no member named ‘[01m[Kstep[m[K’
[0.734s]    16 |         sim.[01;31m[Kstep[m[K();
[0.734s]       |             [01;31m[K^~~~[m[K
[0.734s] [01m[K/home/shanto/Documents/arm-ws-v0.0.0/ros_ws/src/coppeliasim_bridge/src/zmq_pub.cpp:18:9:[m[K [01;31m[Kerror: [m[K‘[01m[Kclass jsoncons::basic_json<char, jsoncons::sorted_policy, std::allocator<char> >[m[K’ has no member named ‘[01m[KstopSimulation[m[K’
[0.734s]    18 |     sim.[01;31m[KstopSimulation[m[K();
[0.734s]       |         [01;31m[K^~~~~~~~~~~~~~[m[K
[0.734s] [01m[K/home/shanto/Documents/arm-ws-v0.0.0/ros_ws/src/coppeliasim_bridge/src/zmq_pub.cpp:3:14:[m[K [01;35m[Kwarning: [m[Kunused parameter ‘[01m[Kargc[m[K’ [[01;35m[K]8;;https://gcc.gnu.org/onlinedocs/gcc/Warning-Options.html#index-Wunused-parameter-Wunused-parameter]8;;[m[K]
[0.734s]     3 | int main([01;35m[Kint argc[m[K,char* argv[])
[0.734s]       |          [01;35m[K~~~~^~~~[m[K
[0.734s] [01m[K/home/shanto/Documents/arm-ws-v0.0.0/ros_ws/src/coppeliasim_bridge/src/zmq_pub.cpp:3:25:[m[K [01;35m[Kwarning: [m[Kunused parameter ‘[01m[Kargv[m[K’ [[01;35m[K]8;;https://gcc.gnu.org/onlinedocs/gcc/Warning-Options.html#index-Wunused-parameter-Wunused-parameter]8;;[m[K]
[0.734s]     3 | int main(int argc,[01;35m[Kchar* argv[][m[K)
[0.734s]       |                   [01;35m[K~~~~~~^~~~~~[m[K
[1.152s] gmake[2]: *** [CMakeFiles/zmq_pub.dir/build.make:76: CMakeFiles/zmq_pub.dir/src/zmq_pub.cpp.o] Error 1
[1.153s] gmake[1]: *** [CMakeFiles/Makefile2:137: CMakeFiles/zmq_pub.dir/all] Error 2
[1.153s] gmake: *** [Makefile:146: all] Error 2
[1.156s] Invoked command in '/home/shanto/Documents/arm-ws-v0.0.0/ros_ws/build/coppeliasim_bridge' returned '2': CMAKE_PREFIX_PATH=${CMAKE_PREFIX_PATH}:/opt/ros/humble /usr/bin/cmake --build /home/shanto/Documents/arm-ws-v0.0.0/ros_ws/build/coppeliasim_bridge -- -j22 -l22
