[0.014s] Invoking command in '/home/shanto/Documents/arm-ws-v0.0.0/ros_ws/build/coppeliasim_bridge': CMAKE_PREFIX_PATH=${CMAKE_PREFIX_PATH}:/opt/ros/humble /usr/bin/cmake --build /home/shanto/Documents/arm-ws-v0.0.0/ros_ws/build/coppeliasim_bridge -- -j22 -l22
[0.036s] -- Found ament_cmake: 1.3.11 (/opt/ros/humble/share/ament_cmake/cmake)
[0.136s] -- Found CoppeliaSim at: /home/shanto/CoppeliaSim_Pro_V4_10_0_rev0_Ubuntu22_04
[0.136s] -- CoppeliaSim include dir: /home/shanto/CoppeliaSim_Pro_V4_10_0_rev0_Ubuntu22_04/programming/include
[0.137s] -- CoppeliaSim lib dir: /home/shanto/CoppeliaSim_Pro_V4_10_0_rev0_Ubuntu22_04/programming/lib
[0.190s] -- Found ament_lint_auto: 0.12.12 (/opt/ros/humble/share/ament_lint_auto/cmake)
[0.246s] -- Added test 'cppcheck' to perform static code analysis on C / C++ code
[0.246s] -- Configured cppcheck include dirs: 
[0.246s] -- Configured cppcheck exclude dirs and/or files: 
[0.247s] -- Added test 'lint_cmake' to check CMake code style
[0.247s] -- Added test 'uncrustify' to check C / C++ code style
[0.247s] -- Configured uncrustify additional arguments: 
[0.247s] -- Added test 'xmllint' to check XML markup files
[0.247s] -- Configuring done
[0.249s] -- Generating done
[0.251s] -- Build files have been written to: /home/shanto/Documents/arm-ws-v0.0.0/ros_ws/build/coppeliasim_bridge
[0.282s] [35m[1mConsolidate compiler generated dependencies of target zmq_pub[0m
[0.297s] [ 50%] [32mBuilding CXX object CMakeFiles/zmq_pub.dir/src/zmq_pub.cpp.o[0m
[0.398s] In file included from [01m[K/home/shanto/Documents/arm-ws-v0.0.0/ros_ws/src/coppeliasim_bridge/src/zmq_pub.cpp:1[m[K:
[0.398s] [01m[K/home/shanto/CoppeliaSim_Pro_V4_10_0_rev0_Ubuntu22_04/programming/zmqRemoteApi/clients/cpp/RemoteAPIClient.h:7:10:[m[K [01;31m[Kfatal error: [m[Kjsoncons/json.hpp: No such file or directory
[0.398s]     7 | #include [01;31m[K<jsoncons/json.hpp>[m[K
[0.398s]       |          [01;31m[K^~~~~~~~~~~~~~~~~~~[m[K
[0.398s] compilation terminated.
[0.400s] gmake[2]: *** [CMakeFiles/zmq_pub.dir/build.make:76: CMakeFiles/zmq_pub.dir/src/zmq_pub.cpp.o] Error 1
[0.400s] gmake[1]: *** [CMakeFiles/Makefile2:137: CMakeFiles/zmq_pub.dir/all] Error 2
[0.401s] gmake: *** [Makefile:146: all] Error 2
[0.404s] Invoked command in '/home/shanto/Documents/arm-ws-v0.0.0/ros_ws/build/coppeliasim_bridge' returned '2': CMAKE_PREFIX_PATH=${CMAKE_PREFIX_PATH}:/opt/ros/humble /usr/bin/cmake --build /home/shanto/Documents/arm-ws-v0.0.0/ros_ws/build/coppeliasim_bridge -- -j22 -l22
