[0.013s] Invoking command in '/home/shanto/Documents/arm-ws-v0.0.0/ros_ws/build/coppeliasim_bridge': CMAKE_PREFIX_PATH=${CMAKE_PREFIX_PATH}:/opt/ros/humble /usr/bin/cmake --build /home/shanto/Documents/arm-ws-v0.0.0/ros_ws/build/coppeliasim_bridge -- -j22 -l22
[0.882s] -- jsoncons v1.3.2
[0.888s] -- Version 11.4.0
[0.890s] -- Found ament_cmake: 1.3.11 (/opt/ros/humble/share/ament_cmake/cmake)
[1.015s] [31mCMake Error at CMakeLists.txt:18 (find_package):
[1.015s]   By not providing "FindCoppeliaSim.cmake" in CMAKE_MODULE_PATH this project
[1.015s]   has asked CMake to find a package configuration file provided by
[1.015s]   "CoppeliaSim", but CMake did not find one.
[1.015s] 
[1.015s]   Could not find a package configuration file provided by "CoppeliaSim" with
[1.016s]   any of the following names:
[1.016s] 
[1.016s]     CoppeliaSimConfig.cmake
[1.016s]     coppeliasim-config.cmake
[1.016s] 
[1.016s]   Add the installation prefix of "CoppeliaSim" to CMAKE_PREFIX_PATH or set
[1.016s]   "CoppeliaSim_DIR" to a directory containing one of the above files.  If
[1.016s]   "CoppeliaSim" provides a separate development package or SDK, be sure it
[1.016s]   has been installed.
[1.016s] 
[1.016s] [0m
[1.016s] -- Configuring incomplete, errors occurred!
[1.016s] See also "/home/shanto/Documents/arm-ws-v0.0.0/ros_ws/build/coppeliasim_bridge/CMakeFiles/CMakeOutput.log".
[1.018s] gmake: *** [Makefile:673: cmake_check_build_system] Error 1
[1.019s] Invoked command in '/home/shanto/Documents/arm-ws-v0.0.0/ros_ws/build/coppeliasim_bridge' returned '2': CMAKE_PREFIX_PATH=${CMAKE_PREFIX_PATH}:/opt/ros/humble /usr/bin/cmake --build /home/shanto/Documents/arm-ws-v0.0.0/ros_ws/build/coppeliasim_bridge -- -j22 -l22
