[0.063s] DEBUG:colcon:Command line arguments: ['/usr/bin/colcon', 'build']
[0.063s] DEBUG:colcon:Parsed command line arguments: Namespace(log_base=None, log_level=None, verb_name='build', build_base='build', install_base='install', merge_install=False, symlink_install=False, test_result_base=None, continue_on_error=False, executor='parallel', parallel_workers=22, event_handlers=None, ignore_user_meta=False, metas=['./colcon.meta'], base_paths=['.'], packages_ignore=None, packages_ignore_regex=None, paths=None, packages_up_to=None, packages_up_to_regex=None, packages_above=None, packages_above_and_dependencies=None, packages_above_depth=None, packages_select_by_dep=None, packages_skip_by_dep=None, packages_skip_up_to=None, packages_select_build_failed=False, packages_skip_build_finished=False, packages_select_test_failures=False, packages_skip_test_passed=False, packages_select=None, packages_skip=None, packages_select_regex=None, packages_skip_regex=None, packages_start=None, packages_end=None, allow_overriding=[], cmake_args=None, cmake_target=None, cmake_target_skip_unavailable=False, cmake_clean_cache=False, cmake_clean_first=False, cmake_force_configure=False, ament_cmake_args=None, catkin_cmake_args=None, catkin_skip_building_tests=False, mixin_files=None, mixin=None, verb_parser=<colcon_mixin.mixin.mixin_argument.MixinArgumentDecorator object at 0x7fe685c8dc30>, verb_extension=<colcon_core.verb.build.BuildVerb object at 0x7fe685c8d270>, main=<bound method BuildVerb.main of <colcon_core.verb.build.BuildVerb object at 0x7fe685c8d270>>, mixin_verb=('build',))
[0.086s] Level 1:colcon.colcon_core.package_discovery:discover_packages(colcon_meta) check parameters
[0.086s] Level 1:colcon.colcon_core.package_discovery:discover_packages(recursive) check parameters
[0.086s] Level 1:colcon.colcon_core.package_discovery:discover_packages(ignore) check parameters
[0.086s] Level 1:colcon.colcon_core.package_discovery:discover_packages(path) check parameters
[0.086s] Level 1:colcon.colcon_core.package_discovery:discover_packages(colcon_meta) discover
[0.087s] Level 1:colcon.colcon_core.package_discovery:discover_packages(recursive) discover
[0.087s] INFO:colcon.colcon_core.package_discovery:Crawling recursively for packages in '/home/shanto/Documents/arm-ws-v0.0.0/ros_ws'
[0.087s] Level 1:colcon.colcon_core.package_identification:_identify(.) by extensions ['ignore', 'ignore_ament_install']
[0.087s] Level 1:colcon.colcon_core.package_identification:_identify(.) by extension 'ignore'
[0.087s] Level 1:colcon.colcon_core.package_identification:_identify(.) by extension 'ignore_ament_install'
[0.087s] Level 1:colcon.colcon_core.package_identification:_identify(.) by extensions ['colcon_pkg']
[0.087s] Level 1:colcon.colcon_core.package_identification:_identify(.) by extension 'colcon_pkg'
[0.087s] Level 1:colcon.colcon_core.package_identification:_identify(.) by extensions ['colcon_meta']
[0.087s] Level 1:colcon.colcon_core.package_identification:_identify(.) by extension 'colcon_meta'
[0.087s] Level 1:colcon.colcon_core.package_identification:_identify(.) by extensions ['ros']
[0.087s] Level 1:colcon.colcon_core.package_identification:_identify(.) by extension 'ros'
[0.102s] Level 1:colcon.colcon_core.package_identification:_identify(.) by extensions ['cmake', 'python']
[0.102s] Level 1:colcon.colcon_core.package_identification:_identify(.) by extension 'cmake'
[0.102s] Level 1:colcon.colcon_core.package_identification:_identify(.) by extension 'python'
[0.102s] Level 1:colcon.colcon_core.package_identification:_identify(.) by extensions ['python_setup_py']
[0.102s] Level 1:colcon.colcon_core.package_identification:_identify(.) by extension 'python_setup_py'
[0.102s] Level 1:colcon.colcon_core.package_identification:_identify(build) by extensions ['ignore', 'ignore_ament_install']
[0.102s] Level 1:colcon.colcon_core.package_identification:_identify(build) by extension 'ignore'
[0.102s] Level 1:colcon.colcon_core.package_identification:_identify(build) ignored
[0.102s] Level 1:colcon.colcon_core.package_identification:_identify(install) by extensions ['ignore', 'ignore_ament_install']
[0.102s] Level 1:colcon.colcon_core.package_identification:_identify(install) by extension 'ignore'
[0.102s] Level 1:colcon.colcon_core.package_identification:_identify(install) ignored
[0.102s] Level 1:colcon.colcon_core.package_identification:_identify(log) by extensions ['ignore', 'ignore_ament_install']
[0.102s] Level 1:colcon.colcon_core.package_identification:_identify(log) by extension 'ignore'
[0.102s] Level 1:colcon.colcon_core.package_identification:_identify(log) ignored
[0.102s] Level 1:colcon.colcon_core.package_identification:_identify(src) by extensions ['ignore', 'ignore_ament_install']
[0.102s] Level 1:colcon.colcon_core.package_identification:_identify(src) by extension 'ignore'
[0.102s] Level 1:colcon.colcon_core.package_identification:_identify(src) by extension 'ignore_ament_install'
[0.102s] Level 1:colcon.colcon_core.package_identification:_identify(src) by extensions ['colcon_pkg']
[0.102s] Level 1:colcon.colcon_core.package_identification:_identify(src) by extension 'colcon_pkg'
[0.102s] Level 1:colcon.colcon_core.package_identification:_identify(src) by extensions ['colcon_meta']
[0.102s] Level 1:colcon.colcon_core.package_identification:_identify(src) by extension 'colcon_meta'
[0.102s] Level 1:colcon.colcon_core.package_identification:_identify(src) by extensions ['ros']
[0.102s] Level 1:colcon.colcon_core.package_identification:_identify(src) by extension 'ros'
[0.102s] Level 1:colcon.colcon_core.package_identification:_identify(src) by extensions ['cmake', 'python']
[0.102s] Level 1:colcon.colcon_core.package_identification:_identify(src) by extension 'cmake'
[0.102s] Level 1:colcon.colcon_core.package_identification:_identify(src) by extension 'python'
[0.102s] Level 1:colcon.colcon_core.package_identification:_identify(src) by extensions ['python_setup_py']
[0.102s] Level 1:colcon.colcon_core.package_identification:_identify(src) by extension 'python_setup_py'
[0.102s] Level 1:colcon.colcon_core.package_identification:_identify(src/cps_bridge) by extensions ['ignore', 'ignore_ament_install']
[0.103s] Level 1:colcon.colcon_core.package_identification:_identify(src/cps_bridge) by extension 'ignore'
[0.103s] Level 1:colcon.colcon_core.package_identification:_identify(src/cps_bridge) by extension 'ignore_ament_install'
[0.103s] Level 1:colcon.colcon_core.package_identification:_identify(src/cps_bridge) by extensions ['colcon_pkg']
[0.103s] Level 1:colcon.colcon_core.package_identification:_identify(src/cps_bridge) by extension 'colcon_pkg'
[0.103s] Level 1:colcon.colcon_core.package_identification:_identify(src/cps_bridge) by extensions ['colcon_meta']
[0.103s] Level 1:colcon.colcon_core.package_identification:_identify(src/cps_bridge) by extension 'colcon_meta'
[0.103s] Level 1:colcon.colcon_core.package_identification:_identify(src/cps_bridge) by extensions ['ros']
[0.103s] Level 1:colcon.colcon_core.package_identification:_identify(src/cps_bridge) by extension 'ros'
[0.104s] DEBUG:colcon.colcon_core.package_identification:Package 'src/cps_bridge' with type 'ros.ament_python' and name 'cps_bridge'
[0.104s] Level 1:colcon.colcon_core.package_identification:_identify(src/planner) by extensions ['ignore', 'ignore_ament_install']
[0.104s] Level 1:colcon.colcon_core.package_identification:_identify(src/planner) by extension 'ignore'
[0.104s] Level 1:colcon.colcon_core.package_identification:_identify(src/planner) by extension 'ignore_ament_install'
[0.104s] Level 1:colcon.colcon_core.package_identification:_identify(src/planner) by extensions ['colcon_pkg']
[0.104s] Level 1:colcon.colcon_core.package_identification:_identify(src/planner) by extension 'colcon_pkg'
[0.104s] Level 1:colcon.colcon_core.package_identification:_identify(src/planner) by extensions ['colcon_meta']
[0.104s] Level 1:colcon.colcon_core.package_identification:_identify(src/planner) by extension 'colcon_meta'
[0.104s] Level 1:colcon.colcon_core.package_identification:_identify(src/planner) by extensions ['ros']
[0.104s] Level 1:colcon.colcon_core.package_identification:_identify(src/planner) by extension 'ros'
[0.105s] DEBUG:colcon.colcon_core.package_identification:Package 'src/planner' with type 'ros.ament_cmake' and name 'planner'
[0.105s] Level 1:colcon.colcon_core.package_discovery:discover_packages(recursive) using defaults
[0.105s] Level 1:colcon.colcon_core.package_discovery:discover_packages(ignore) discover
[0.105s] Level 1:colcon.colcon_core.package_discovery:discover_packages(ignore) using defaults
[0.105s] Level 1:colcon.colcon_core.package_discovery:discover_packages(path) discover
[0.105s] Level 1:colcon.colcon_core.package_discovery:discover_packages(path) using defaults
[0.116s] Level 1:colcon.colcon_core.package_discovery:discover_packages(prefix_path) check parameters
[0.116s] Level 1:colcon.colcon_core.package_discovery:discover_packages(prefix_path) discover
[0.117s] WARNING:colcon.colcon_core.prefix_path.colcon:The path '/home/shanto/Documents/arm-ws-v0.0.0/ros_ws/src/install' in the environment variable COLCON_PREFIX_PATH doesn't exist
[0.117s] WARNING:colcon.colcon_ros.prefix_path.ament:The path '/home/shanto/Documents/arm-ws-v0.0.0/ros_ws/src/install/cps_bridge' in the environment variable AMENT_PREFIX_PATH doesn't exist
[0.117s] DEBUG:colcon.colcon_installed_package_information.package_discovery:Found 3 installed packages in /home/shanto/Documents/arm-ws-v0.0.0/ros_ws/install
[0.118s] DEBUG:colcon.colcon_installed_package_information.package_discovery:Found 312 installed packages in /opt/ros/humble
[0.119s] Level 1:colcon.colcon_core.package_discovery:discover_packages(prefix_path) using defaults
[0.142s] Level 5:colcon.colcon_core.verb:set package 'cps_bridge' build argument 'cmake_args' from command line to 'None'
[0.142s] Level 5:colcon.colcon_core.verb:set package 'cps_bridge' build argument 'cmake_target' from command line to 'None'
[0.142s] Level 5:colcon.colcon_core.verb:set package 'cps_bridge' build argument 'cmake_target_skip_unavailable' from command line to 'False'
[0.142s] Level 5:colcon.colcon_core.verb:set package 'cps_bridge' build argument 'cmake_clean_cache' from command line to 'False'
[0.142s] Level 5:colcon.colcon_core.verb:set package 'cps_bridge' build argument 'cmake_clean_first' from command line to 'False'
[0.142s] Level 5:colcon.colcon_core.verb:set package 'cps_bridge' build argument 'cmake_force_configure' from command line to 'False'
[0.142s] Level 5:colcon.colcon_core.verb:set package 'cps_bridge' build argument 'ament_cmake_args' from command line to 'None'
[0.142s] Level 5:colcon.colcon_core.verb:set package 'cps_bridge' build argument 'catkin_cmake_args' from command line to 'None'
[0.142s] Level 5:colcon.colcon_core.verb:set package 'cps_bridge' build argument 'catkin_skip_building_tests' from command line to 'False'
[0.142s] DEBUG:colcon.colcon_core.verb:Building package 'cps_bridge' with the following arguments: {'ament_cmake_args': None, 'build_base': '/home/shanto/Documents/arm-ws-v0.0.0/ros_ws/build/cps_bridge', 'catkin_cmake_args': None, 'catkin_skip_building_tests': False, 'cmake_args': None, 'cmake_clean_cache': False, 'cmake_clean_first': False, 'cmake_force_configure': False, 'cmake_target': None, 'cmake_target_skip_unavailable': False, 'install_base': '/home/shanto/Documents/arm-ws-v0.0.0/ros_ws/install/cps_bridge', 'merge_install': False, 'path': '/home/shanto/Documents/arm-ws-v0.0.0/ros_ws/src/cps_bridge', 'symlink_install': False, 'test_result_base': None}
[0.142s] Level 5:colcon.colcon_core.verb:set package 'planner' build argument 'cmake_args' from command line to 'None'
[0.142s] Level 5:colcon.colcon_core.verb:set package 'planner' build argument 'cmake_target' from command line to 'None'
[0.142s] Level 5:colcon.colcon_core.verb:set package 'planner' build argument 'cmake_target_skip_unavailable' from command line to 'False'
[0.142s] Level 5:colcon.colcon_core.verb:set package 'planner' build argument 'cmake_clean_cache' from command line to 'False'
[0.142s] Level 5:colcon.colcon_core.verb:set package 'planner' build argument 'cmake_clean_first' from command line to 'False'
[0.142s] Level 5:colcon.colcon_core.verb:set package 'planner' build argument 'cmake_force_configure' from command line to 'False'
[0.142s] Level 5:colcon.colcon_core.verb:set package 'planner' build argument 'ament_cmake_args' from command line to 'None'
[0.142s] Level 5:colcon.colcon_core.verb:set package 'planner' build argument 'catkin_cmake_args' from command line to 'None'
[0.142s] Level 5:colcon.colcon_core.verb:set package 'planner' build argument 'catkin_skip_building_tests' from command line to 'False'
[0.142s] DEBUG:colcon.colcon_core.verb:Building package 'planner' with the following arguments: {'ament_cmake_args': None, 'build_base': '/home/shanto/Documents/arm-ws-v0.0.0/ros_ws/build/planner', 'catkin_cmake_args': None, 'catkin_skip_building_tests': False, 'cmake_args': None, 'cmake_clean_cache': False, 'cmake_clean_first': False, 'cmake_force_configure': False, 'cmake_target': None, 'cmake_target_skip_unavailable': False, 'install_base': '/home/shanto/Documents/arm-ws-v0.0.0/ros_ws/install/planner', 'merge_install': False, 'path': '/home/shanto/Documents/arm-ws-v0.0.0/ros_ws/src/planner', 'symlink_install': False, 'test_result_base': None}
[0.143s] INFO:colcon.colcon_core.executor:Executing jobs using 'parallel' executor
[0.143s] DEBUG:colcon.colcon_parallel_executor.executor.parallel:run_until_complete
[0.144s] INFO:colcon.colcon_ros.task.ament_python.build:Building ROS package in '/home/shanto/Documents/arm-ws-v0.0.0/ros_ws/src/cps_bridge' with build type 'ament_python'
[0.144s] Level 1:colcon.colcon_core.shell:create_environment_hook('cps_bridge', 'ament_prefix_path')
[0.145s] INFO:colcon.colcon_core.plugin_system:Skipping extension 'colcon_core.shell.bat': Not used on non-Windows systems
[0.145s] INFO:colcon.colcon_core.shell:Creating environment hook '/home/shanto/Documents/arm-ws-v0.0.0/ros_ws/install/cps_bridge/share/cps_bridge/hook/ament_prefix_path.ps1'
[0.146s] INFO:colcon.colcon_core.shell:Creating environment descriptor '/home/shanto/Documents/arm-ws-v0.0.0/ros_ws/install/cps_bridge/share/cps_bridge/hook/ament_prefix_path.dsv'
[0.146s] INFO:colcon.colcon_core.shell:Creating environment hook '/home/shanto/Documents/arm-ws-v0.0.0/ros_ws/install/cps_bridge/share/cps_bridge/hook/ament_prefix_path.sh'
[0.153s] INFO:colcon.colcon_core.shell:Skip shell extension 'powershell' for command environment: Not usable outside of PowerShell
[0.153s] DEBUG:colcon.colcon_core.shell:Skip shell extension 'dsv' for command environment
[0.155s] INFO:colcon.colcon_ros.task.ament_cmake.build:Building ROS package in '/home/shanto/Documents/arm-ws-v0.0.0/ros_ws/src/planner' with build type 'ament_cmake'
[0.155s] INFO:colcon.colcon_cmake.task.cmake.build:Building CMake package in '/home/shanto/Documents/arm-ws-v0.0.0/ros_ws/src/planner'
[0.155s] INFO:colcon.colcon_core.shell:Skip shell extension 'powershell' for command environment: Not usable outside of PowerShell
[0.155s] DEBUG:colcon.colcon_core.shell:Skip shell extension 'dsv' for command environment
[0.284s] INFO:colcon.colcon_core.task.python.build:Building Python package in '/home/shanto/Documents/arm-ws-v0.0.0/ros_ws/src/cps_bridge'
[0.284s] INFO:colcon.colcon_core.shell:Skip shell extension 'powershell' for command environment: Not usable outside of PowerShell
[0.284s] DEBUG:colcon.colcon_core.shell:Skip shell extension 'dsv' for command environment
[0.289s] DEBUG:colcon.colcon_core.event_handler.log_command:Invoking command in '/home/shanto/Documents/arm-ws-v0.0.0/ros_ws/build/planner': CMAKE_PREFIX_PATH=${CMAKE_PREFIX_PATH}:/home/shanto/Documents/arm-ws-v0.0.0/ros_ws/src/install/cps_bridge:/home/shanto/Documents/arm-ws-v0.0.0/ros_ws/install/cps_bridge:/opt/ros/humble /usr/bin/cmake --build /home/shanto/Documents/arm-ws-v0.0.0/ros_ws/build/planner -- -j22 -l22
[0.333s] DEBUG:colcon.colcon_core.event_handler.log_command:Invoked command in '/home/shanto/Documents/arm-ws-v0.0.0/ros_ws/build/planner' returned '0': CMAKE_PREFIX_PATH=${CMAKE_PREFIX_PATH}:/home/shanto/Documents/arm-ws-v0.0.0/ros_ws/src/install/cps_bridge:/home/shanto/Documents/arm-ws-v0.0.0/ros_ws/install/cps_bridge:/opt/ros/humble /usr/bin/cmake --build /home/shanto/Documents/arm-ws-v0.0.0/ros_ws/build/planner -- -j22 -l22
[0.345s] DEBUG:colcon.colcon_core.event_handler.log_command:Invoking command in '/home/shanto/Documents/arm-ws-v0.0.0/ros_ws/build/planner': CMAKE_PREFIX_PATH=${CMAKE_PREFIX_PATH}:/home/shanto/Documents/arm-ws-v0.0.0/ros_ws/src/install/cps_bridge:/home/shanto/Documents/arm-ws-v0.0.0/ros_ws/install/cps_bridge:/opt/ros/humble /usr/bin/cmake --install /home/shanto/Documents/arm-ws-v0.0.0/ros_ws/build/planner
[0.354s] Level 1:colcon.colcon_core.environment:create_environment_scripts_only(planner)
[0.354s] DEBUG:colcon.colcon_core.event_handler.log_command:Invoked command in '/home/shanto/Documents/arm-ws-v0.0.0/ros_ws/build/planner' returned '0': CMAKE_PREFIX_PATH=${CMAKE_PREFIX_PATH}:/home/shanto/Documents/arm-ws-v0.0.0/ros_ws/src/install/cps_bridge:/home/shanto/Documents/arm-ws-v0.0.0/ros_ws/install/cps_bridge:/opt/ros/humble /usr/bin/cmake --install /home/shanto/Documents/arm-ws-v0.0.0/ros_ws/build/planner
[0.357s] Level 1:colcon.colcon_core.environment:checking '/home/shanto/Documents/arm-ws-v0.0.0/ros_ws/install/planner' for CMake module files
[0.357s] Level 1:colcon.colcon_core.environment:checking '/home/shanto/Documents/arm-ws-v0.0.0/ros_ws/install/planner' for CMake config files
[0.357s] Level 1:colcon.colcon_core.shell:create_environment_hook('planner', 'cmake_prefix_path')
[0.357s] INFO:colcon.colcon_core.shell:Creating environment hook '/home/shanto/Documents/arm-ws-v0.0.0/ros_ws/install/planner/share/planner/hook/cmake_prefix_path.ps1'
[0.358s] INFO:colcon.colcon_core.shell:Creating environment descriptor '/home/shanto/Documents/arm-ws-v0.0.0/ros_ws/install/planner/share/planner/hook/cmake_prefix_path.dsv'
[0.358s] INFO:colcon.colcon_core.shell:Creating environment hook '/home/shanto/Documents/arm-ws-v0.0.0/ros_ws/install/planner/share/planner/hook/cmake_prefix_path.sh'
[0.358s] Level 1:colcon.colcon_core.environment:checking '/home/shanto/Documents/arm-ws-v0.0.0/ros_ws/install/planner/bin'
[0.358s] Level 1:colcon.colcon_core.environment:checking '/home/shanto/Documents/arm-ws-v0.0.0/ros_ws/install/planner/lib/pkgconfig/planner.pc'
[0.359s] Level 1:colcon.colcon_core.environment:checking '/home/shanto/Documents/arm-ws-v0.0.0/ros_ws/install/planner/lib/python3.10/site-packages'
[0.359s] Level 1:colcon.colcon_core.environment:checking '/home/shanto/Documents/arm-ws-v0.0.0/ros_ws/install/planner/bin'
[0.359s] INFO:colcon.colcon_core.shell:Creating package script '/home/shanto/Documents/arm-ws-v0.0.0/ros_ws/install/planner/share/planner/package.ps1'
[0.359s] INFO:colcon.colcon_core.shell:Creating package descriptor '/home/shanto/Documents/arm-ws-v0.0.0/ros_ws/install/planner/share/planner/package.dsv'
[0.359s] INFO:colcon.colcon_core.shell:Creating package script '/home/shanto/Documents/arm-ws-v0.0.0/ros_ws/install/planner/share/planner/package.sh'
[0.360s] INFO:colcon.colcon_core.shell:Creating package script '/home/shanto/Documents/arm-ws-v0.0.0/ros_ws/install/planner/share/planner/package.bash'
[0.360s] INFO:colcon.colcon_core.shell:Creating package script '/home/shanto/Documents/arm-ws-v0.0.0/ros_ws/install/planner/share/planner/package.zsh'
[0.361s] Level 1:colcon.colcon_core.environment:create_file_with_runtime_dependencies(/home/shanto/Documents/arm-ws-v0.0.0/ros_ws/install/planner/share/colcon-core/packages/planner)
[0.361s] Level 1:colcon.colcon_core.environment:create_environment_scripts_only(planner)
[0.361s] Level 1:colcon.colcon_core.environment:checking '/home/shanto/Documents/arm-ws-v0.0.0/ros_ws/install/planner' for CMake module files
[0.361s] Level 1:colcon.colcon_core.environment:checking '/home/shanto/Documents/arm-ws-v0.0.0/ros_ws/install/planner' for CMake config files
[0.361s] Level 1:colcon.colcon_core.shell:create_environment_hook('planner', 'cmake_prefix_path')
[0.361s] INFO:colcon.colcon_core.shell:Creating environment hook '/home/shanto/Documents/arm-ws-v0.0.0/ros_ws/install/planner/share/planner/hook/cmake_prefix_path.ps1'
[0.362s] INFO:colcon.colcon_core.shell:Creating environment descriptor '/home/shanto/Documents/arm-ws-v0.0.0/ros_ws/install/planner/share/planner/hook/cmake_prefix_path.dsv'
[0.362s] INFO:colcon.colcon_core.shell:Creating environment hook '/home/shanto/Documents/arm-ws-v0.0.0/ros_ws/install/planner/share/planner/hook/cmake_prefix_path.sh'
[0.362s] Level 1:colcon.colcon_core.environment:checking '/home/shanto/Documents/arm-ws-v0.0.0/ros_ws/install/planner/bin'
[0.362s] Level 1:colcon.colcon_core.environment:checking '/home/shanto/Documents/arm-ws-v0.0.0/ros_ws/install/planner/lib/pkgconfig/planner.pc'
[0.362s] Level 1:colcon.colcon_core.environment:checking '/home/shanto/Documents/arm-ws-v0.0.0/ros_ws/install/planner/lib/python3.10/site-packages'
[0.362s] Level 1:colcon.colcon_core.environment:checking '/home/shanto/Documents/arm-ws-v0.0.0/ros_ws/install/planner/bin'
[0.363s] INFO:colcon.colcon_core.shell:Creating package script '/home/shanto/Documents/arm-ws-v0.0.0/ros_ws/install/planner/share/planner/package.ps1'
[0.363s] INFO:colcon.colcon_core.shell:Creating package descriptor '/home/shanto/Documents/arm-ws-v0.0.0/ros_ws/install/planner/share/planner/package.dsv'
[0.363s] INFO:colcon.colcon_core.shell:Creating package script '/home/shanto/Documents/arm-ws-v0.0.0/ros_ws/install/planner/share/planner/package.sh'
[0.363s] INFO:colcon.colcon_core.shell:Creating package script '/home/shanto/Documents/arm-ws-v0.0.0/ros_ws/install/planner/share/planner/package.bash'
[0.363s] INFO:colcon.colcon_core.shell:Creating package script '/home/shanto/Documents/arm-ws-v0.0.0/ros_ws/install/planner/share/planner/package.zsh'
[0.364s] Level 1:colcon.colcon_core.environment:create_file_with_runtime_dependencies(/home/shanto/Documents/arm-ws-v0.0.0/ros_ws/install/planner/share/colcon-core/packages/planner)
[0.540s] DEBUG:colcon.colcon_core.event_handler.log_command:Invoking command in '/home/shanto/Documents/arm-ws-v0.0.0/ros_ws/src/cps_bridge': PYTHONPATH=/home/shanto/Documents/arm-ws-v0.0.0/ros_ws/build/cps_bridge/prefix_override:/usr/lib/python3/dist-packages/colcon_core/task/python/colcon_distutils_commands:/home/shanto/Documents/arm-ws-v0.0.0/ros_ws/install/cps_bridge/lib/python3.10/site-packages:${PYTHONPATH} /usr/bin/python3 -W ignore:setup.py install is deprecated -W ignore:easy_install command is deprecated setup.py egg_info --egg-base ../../build/cps_bridge build --build-base /home/shanto/Documents/arm-ws-v0.0.0/ros_ws/build/cps_bridge/build install --record /home/shanto/Documents/arm-ws-v0.0.0/ros_ws/build/cps_bridge/install.log --single-version-externally-managed install_data
[0.786s] Level 1:colcon.colcon_core.environment:checking '/home/shanto/Documents/arm-ws-v0.0.0/ros_ws/install/cps_bridge' for CMake module files
[0.787s] DEBUG:colcon.colcon_core.event_handler.log_command:Invoked command in '/home/shanto/Documents/arm-ws-v0.0.0/ros_ws/src/cps_bridge' returned '0': PYTHONPATH=/home/shanto/Documents/arm-ws-v0.0.0/ros_ws/build/cps_bridge/prefix_override:/usr/lib/python3/dist-packages/colcon_core/task/python/colcon_distutils_commands:/home/shanto/Documents/arm-ws-v0.0.0/ros_ws/install/cps_bridge/lib/python3.10/site-packages:${PYTHONPATH} /usr/bin/python3 -W ignore:setup.py install is deprecated -W ignore:easy_install command is deprecated setup.py egg_info --egg-base ../../build/cps_bridge build --build-base /home/shanto/Documents/arm-ws-v0.0.0/ros_ws/build/cps_bridge/build install --record /home/shanto/Documents/arm-ws-v0.0.0/ros_ws/build/cps_bridge/install.log --single-version-externally-managed install_data
[0.787s] Level 1:colcon.colcon_core.environment:checking '/home/shanto/Documents/arm-ws-v0.0.0/ros_ws/install/cps_bridge' for CMake config files
[0.787s] Level 1:colcon.colcon_core.environment:checking '/home/shanto/Documents/arm-ws-v0.0.0/ros_ws/install/cps_bridge/lib'
[0.787s] Level 1:colcon.colcon_core.environment:checking '/home/shanto/Documents/arm-ws-v0.0.0/ros_ws/install/cps_bridge/bin'
[0.787s] Level 1:colcon.colcon_core.environment:checking '/home/shanto/Documents/arm-ws-v0.0.0/ros_ws/install/cps_bridge/lib/pkgconfig/cps_bridge.pc'
[0.787s] Level 1:colcon.colcon_core.environment:checking '/home/shanto/Documents/arm-ws-v0.0.0/ros_ws/install/cps_bridge/lib/python3.10/site-packages'
[0.787s] Level 1:colcon.colcon_core.shell:create_environment_hook('cps_bridge', 'pythonpath')
[0.788s] INFO:colcon.colcon_core.shell:Creating environment hook '/home/shanto/Documents/arm-ws-v0.0.0/ros_ws/install/cps_bridge/share/cps_bridge/hook/pythonpath.ps1'
[0.788s] INFO:colcon.colcon_core.shell:Creating environment descriptor '/home/shanto/Documents/arm-ws-v0.0.0/ros_ws/install/cps_bridge/share/cps_bridge/hook/pythonpath.dsv'
[0.788s] INFO:colcon.colcon_core.shell:Creating environment hook '/home/shanto/Documents/arm-ws-v0.0.0/ros_ws/install/cps_bridge/share/cps_bridge/hook/pythonpath.sh'
[0.788s] Level 1:colcon.colcon_core.environment:checking '/home/shanto/Documents/arm-ws-v0.0.0/ros_ws/install/cps_bridge/bin'
[0.788s] Level 1:colcon.colcon_core.environment:create_environment_scripts_only(cps_bridge)
[0.789s] INFO:colcon.colcon_core.shell:Creating package script '/home/shanto/Documents/arm-ws-v0.0.0/ros_ws/install/cps_bridge/share/cps_bridge/package.ps1'
[0.789s] INFO:colcon.colcon_core.shell:Creating package descriptor '/home/shanto/Documents/arm-ws-v0.0.0/ros_ws/install/cps_bridge/share/cps_bridge/package.dsv'
[0.789s] INFO:colcon.colcon_core.shell:Creating package script '/home/shanto/Documents/arm-ws-v0.0.0/ros_ws/install/cps_bridge/share/cps_bridge/package.sh'
[0.789s] INFO:colcon.colcon_core.shell:Creating package script '/home/shanto/Documents/arm-ws-v0.0.0/ros_ws/install/cps_bridge/share/cps_bridge/package.bash'
[0.790s] INFO:colcon.colcon_core.shell:Creating package script '/home/shanto/Documents/arm-ws-v0.0.0/ros_ws/install/cps_bridge/share/cps_bridge/package.zsh'
[0.790s] Level 1:colcon.colcon_core.environment:create_file_with_runtime_dependencies(/home/shanto/Documents/arm-ws-v0.0.0/ros_ws/install/cps_bridge/share/colcon-core/packages/cps_bridge)
[0.790s] DEBUG:colcon.colcon_parallel_executor.executor.parallel:closing loop
[0.790s] DEBUG:colcon.colcon_parallel_executor.executor.parallel:loop closed
[0.790s] DEBUG:colcon.colcon_parallel_executor.executor.parallel:run_until_complete finished with '0'
[0.790s] DEBUG:colcon.colcon_core.event_reactor:joining thread
[0.793s] INFO:colcon.colcon_core.plugin_system:Skipping extension 'colcon_notification.desktop_notification.terminal_notifier': Not used on non-Darwin systems
[0.793s] INFO:colcon.colcon_core.plugin_system:Skipping extension 'colcon_notification.desktop_notification.win32': Not used on non-Windows systems
[0.793s] INFO:colcon.colcon_notification.desktop_notification:Sending desktop notification using 'notify2'
[0.804s] DEBUG:colcon.colcon_core.event_reactor:joined thread
[0.805s] INFO:colcon.colcon_core.shell:Creating prefix script '/home/shanto/Documents/arm-ws-v0.0.0/ros_ws/install/local_setup.ps1'
[0.805s] INFO:colcon.colcon_core.shell:Creating prefix util module '/home/shanto/Documents/arm-ws-v0.0.0/ros_ws/install/_local_setup_util_ps1.py'
[0.806s] INFO:colcon.colcon_core.shell:Creating prefix chain script '/home/shanto/Documents/arm-ws-v0.0.0/ros_ws/install/setup.ps1'
[0.806s] INFO:colcon.colcon_core.shell:Creating prefix script '/home/shanto/Documents/arm-ws-v0.0.0/ros_ws/install/local_setup.sh'
[0.807s] INFO:colcon.colcon_core.shell:Creating prefix util module '/home/shanto/Documents/arm-ws-v0.0.0/ros_ws/install/_local_setup_util_sh.py'
[0.807s] INFO:colcon.colcon_core.shell:Creating prefix chain script '/home/shanto/Documents/arm-ws-v0.0.0/ros_ws/install/setup.sh'
[0.808s] INFO:colcon.colcon_core.shell:Creating prefix script '/home/shanto/Documents/arm-ws-v0.0.0/ros_ws/install/local_setup.bash'
[0.808s] INFO:colcon.colcon_core.shell:Creating prefix chain script '/home/shanto/Documents/arm-ws-v0.0.0/ros_ws/install/setup.bash'
[0.809s] INFO:colcon.colcon_core.shell:Creating prefix script '/home/shanto/Documents/arm-ws-v0.0.0/ros_ws/install/local_setup.zsh'
[0.809s] INFO:colcon.colcon_core.shell:Creating prefix chain script '/home/shanto/Documents/arm-ws-v0.0.0/ros_ws/install/setup.zsh'
