[  2%] Built target zmq_pub
[35m[1mConsolidate compiler generated dependencies of target unit_tests[0m
[  3%] [32mBuilding CXX object _deps/jsoncons-build/test/CMakeFiles/unit_tests.dir/corelib/src/reflect/reflect_traits_container_tests.cpp.o[0m
[  5%] [32mBuilding CXX object _deps/jsoncons-build/test/CMakeFiles/unit_tests.dir/jsonpath/src/jsonpath_test_suite.cpp.o[0m
[  5%] [32mBuilding CXX object _deps/jsoncons-build/test/CMakeFiles/unit_tests.dir/jsonpointer/src/jsonpointer_flatten_tests.cpp.o[0m
[  5%] [32mBuilding CXX object _deps/jsoncons-build/test/CMakeFiles/unit_tests.dir/jsonpath/src/path_node_tests.cpp.o[0m
[  7%] [32mBuilding CXX object _deps/jsoncons-build/test/CMakeFiles/unit_tests.dir/jsonpath/src/jsonpath_stateful_allocator_tests.cpp.o[0m
[  7%] [32mBuilding CXX object _deps/jsoncons-build/test/CMakeFiles/unit_tests.dir/jsonpath/src/jsonpath_select_paths_tests.cpp.o[0m
[  7%] [32mBuilding CXX object _deps/jsoncons-build/test/CMakeFiles/unit_tests.dir/jsonpath/src/jsonpath_json_replace_tests.cpp.o[0m
[  9%] [32mBuilding CXX object _deps/jsoncons-build/test/CMakeFiles/unit_tests.dir/jsonpath/src/jsonpath_json_query_tests.cpp.o[0m
[  9%] [32mBuilding CXX object _deps/jsoncons-build/test/CMakeFiles/unit_tests.dir/jsonpointer/src/jsonpointer_tests.cpp.o[0m
[ 10%] [32mBuilding CXX object _deps/jsoncons-build/test/CMakeFiles/unit_tests.dir/jsonpath/src/jsonpath_function_tests.cpp.o[0m
[ 11%] [32mBuilding CXX object _deps/jsoncons-build/test/CMakeFiles/unit_tests.dir/jsonpath/src/jsonpath_flatten_tests.cpp.o[0m
[ 11%] [32mBuilding CXX object _deps/jsoncons-build/test/CMakeFiles/unit_tests.dir/jsonpath/src/jsonpath_expression_tests.cpp.o[0m
[ 13%] [32mBuilding CXX object _deps/jsoncons-build/test/CMakeFiles/unit_tests.dir/jsonpatch/src/jsonpatch_tests.cpp.o[0m
[ 13%] [32mBuilding CXX object _deps/jsoncons-build/test/CMakeFiles/unit_tests.dir/jmespath/src/jmespath_tests.cpp.o[0m
[ 13%] [32mBuilding CXX object _deps/jsoncons-build/test/CMakeFiles/unit_tests.dir/jsonpath/src/jsonpath_custom_function_tests.cpp.o[0m
[ 15%] [32mBuilding CXX object _deps/jsoncons-build/test/CMakeFiles/unit_tests.dir/jmespath/src/jmespath_expression_tests.cpp.o[0m
[ 15%] [32mBuilding CXX object _deps/jsoncons-build/test/CMakeFiles/unit_tests.dir/jmespath/src/jmespath_let_tests.cpp.o[0m
[ 15%] [32mBuilding CXX object _deps/jsoncons-build/test/CMakeFiles/unit_tests.dir/jmespath/src/jmespath_custom_function_tests.cpp.o[0m
[ 16%] [32mBuilding CXX object _deps/jsoncons-build/test/CMakeFiles/unit_tests.dir/corelib/src/reflect/reflect_traits_gen_tests.cpp.o[0m
[ 19%] [32mBuilding CXX object _deps/jsoncons-build/test/CMakeFiles/unit_tests.dir/csv/src/csv_cursor_tests.cpp.o[0m
[ 19%] [32mBuilding CXX object _deps/jsoncons-build/test/CMakeFiles/unit_tests.dir/csv/src/csv_tests.cpp.o[0m
[ 19%] [32mBuilding CXX object _deps/jsoncons-build/test/CMakeFiles/unit_tests.dir/csv/src/encode_decode_csv_tests.cpp.o[0m
[ 19%] [32mBuilding CXX object _deps/jsoncons-build/test/CMakeFiles/unit_tests.dir/corelib/src/reflect/reflect_traits_gen_functional_tests.cpp.o[0m
[ 19%] [32mBuilding CXX object _deps/jsoncons-build/test/CMakeFiles/unit_tests.dir/jsonschema/src/abort_early_tests.cpp.o[0m
[ 20%] [32mBuilding CXX object _deps/jsoncons-build/test/CMakeFiles/unit_tests.dir/jsonschema/src/custom_message_tests.cpp.o[0m
gmake[2]: *** [_deps/jsoncons-build/test/CMakeFiles/unit_tests.dir/build.make:1602: _deps/jsoncons-build/test/CMakeFiles/unit_tests.dir/jsonpath/src/jsonpath_test_suite.cpp.o] Interrupt
gmake[1]: *** [CMakeFiles/Makefile2:951: _deps/jsoncons-build/test/CMakeFiles/unit_tests.dir/all] Interrupt
gmake: *** [Makefile:146: all] Interrupt
