[0.016s] Invoking command in '/home/shanto/Documents/arm-ws-v0.0.0/ros_ws/build/coppeliasim_bridge': CMAKE_PREFIX_PATH=${CMAKE_PREFIX_PATH}:/opt/ros/humble /usr/bin/cmake --build /home/shanto/Documents/arm-ws-v0.0.0/ros_ws/build/coppeliasim_bridge -- -j22 -l22
[0.039s] -- Found ament_cmake: 1.3.11 (/opt/ros/humble/share/ament_cmake/cmake)
[0.133s] -- Found CoppeliaSim at: /home/shanto/CoppeliaSim_Pro_V4_10_0_rev0_Ubuntu22_04
[0.133s] -- CoppeliaSim include dir: /home/shanto/CoppeliaSim_Pro_V4_10_0_rev0_Ubuntu22_04/programming/include
[0.133s] -- CoppeliaSim lib dir: /home/shanto/CoppeliaSim_Pro_V4_10_0_rev0_Ubuntu22_04/programming/lib
[0.188s] -- Found ament_lint_auto: 0.12.12 (/opt/ros/humble/share/ament_lint_auto/cmake)
[0.239s] -- Added test 'cppcheck' to perform static code analysis on C / C++ code
[0.239s] -- Configured cppcheck include dirs: 
[0.239s] -- Configured cppcheck exclude dirs and/or files: 
[0.240s] -- Added test 'lint_cmake' to check CMake code style
[0.240s] -- Added test 'uncrustify' to check C / C++ code style
[0.240s] -- Configured uncrustify additional arguments: 
[0.240s] -- Added test 'xmllint' to check XML markup files
[0.240s] -- Configuring done
[0.242s] -- Generating done
[0.244s] -- Build files have been written to: /home/shanto/Documents/arm-ws-v0.0.0/ros_ws/build/coppeliasim_bridge
[0.270s] [35m[1mConsolidate compiler generated dependencies of target zmq_pub[0m
[0.283s] [ 50%] [32mBuilding CXX object CMakeFiles/zmq_pub.dir/src/zmq_pub.cpp.o[0m
[0.937s] [01m[K/home/shanto/Documents/arm-ws-v0.0.0/ros_ws/src/coppeliasim_bridge/src/zmq_pub.cpp:[m[K In function ‘[01m[Kint main(int, char**)[m[K’:
[0.937s] [01m[K/home/shanto/Documents/arm-ws-v0.0.0/ros_ws/src/coppeliasim_bridge/src/zmq_pub.cpp:6:32:[m[K [01;31m[Kerror: [m[Kno matching function for call to ‘[01m[KRemoteAPIClient::getObject()[m[K’
[0.937s]     6 |     auto sim = [01;31m[Kclient.getObject()[m[K.sim();
[0.937s]       |                [01;31m[K~~~~~~~~~~~~~~~~^~[m[K
[0.937s] In file included from [01m[K/home/shanto/Documents/arm-ws-v0.0.0/ros_ws/src/coppeliasim_bridge/src/zmq_pub.cpp:1[m[K:
[0.937s] [01m[K/home/shanto/CoppeliaSim_Pro_V4_10_0_rev0_Ubuntu22_04/programming/zmqRemoteApi/clients/cpp/RemoteAPIClient.h:32:10:[m[K [01;36m[Knote: [m[Kcandidate: ‘[01m[Kjsoncons::json RemoteAPIClient::getObject(const string&)[m[K’
[0.937s]    32 |     json [01;36m[KgetObject[m[K(const std::string &name);
[0.937s]       |          [01;36m[K^~~~~~~~~[m[K
[0.938s] [01m[K/home/shanto/CoppeliaSim_Pro_V4_10_0_rev0_Ubuntu22_04/programming/zmqRemoteApi/clients/cpp/RemoteAPIClient.h:32:10:[m[K [01;36m[Knote: [m[K  candidate expects 1 argument, 0 provided
[0.938s] [01m[K/home/shanto/Documents/arm-ws-v0.0.0/ros_ws/src/coppeliasim_bridge/src/zmq_pub.cpp:3:14:[m[K [01;35m[Kwarning: [m[Kunused parameter ‘[01m[Kargc[m[K’ [[01;35m[K]8;;https://gcc.gnu.org/onlinedocs/gcc/Warning-Options.html#index-Wunused-parameter-Wunused-parameter]8;;[m[K]
[0.938s]     3 | int main([01;35m[Kint argc[m[K,char* argv[])
[0.938s]       |          [01;35m[K~~~~^~~~[m[K
[0.938s] [01m[K/home/shanto/Documents/arm-ws-v0.0.0/ros_ws/src/coppeliasim_bridge/src/zmq_pub.cpp:3:25:[m[K [01;35m[Kwarning: [m[Kunused parameter ‘[01m[Kargv[m[K’ [[01;35m[K]8;;https://gcc.gnu.org/onlinedocs/gcc/Warning-Options.html#index-Wunused-parameter-Wunused-parameter]8;;[m[K]
[0.938s]     3 | int main(int argc,[01;35m[Kchar* argv[][m[K)
[0.938s]       |                   [01;35m[K~~~~~~^~~~~~[m[K
[1.343s] gmake[2]: *** [CMakeFiles/zmq_pub.dir/build.make:76: CMakeFiles/zmq_pub.dir/src/zmq_pub.cpp.o] Error 1
[1.343s] gmake[1]: *** [CMakeFiles/Makefile2:137: CMakeFiles/zmq_pub.dir/all] Error 2
[1.343s] gmake: *** [Makefile:146: all] Error 2
[1.346s] Invoked command in '/home/shanto/Documents/arm-ws-v0.0.0/ros_ws/build/coppeliasim_bridge' returned '2': CMAKE_PREFIX_PATH=${CMAKE_PREFIX_PATH}:/opt/ros/humble /usr/bin/cmake --build /home/shanto/Documents/arm-ws-v0.0.0/ros_ws/build/coppeliasim_bridge -- -j22 -l22
