[0.388s] Invoking command in '/home/shanto/Documents/arm-ws-v0.0.0/ros_ws/src/cps_bridge': PYTHONPATH=/home/shanto/Documents/arm-ws-v0.0.0/ros_ws/build/cps_bridge/prefix_override:/usr/lib/python3/dist-packages/colcon_core/task/python/colcon_distutils_commands:/home/shanto/Documents/arm-ws-v0.0.0/ros_ws/install/cps_bridge/lib/python3.10/site-packages:${PYTHONPATH} /usr/bin/python3 -W ignore:setup.py install is deprecated -W ignore:easy_install command is deprecated setup.py egg_info --egg-base ../../build/cps_bridge build --build-base /home/shanto/Documents/arm-ws-v0.0.0/ros_ws/build/cps_bridge/build install --record /home/shanto/Documents/arm-ws-v0.0.0/ros_ws/build/cps_bridge/install.log --single-version-externally-managed install_data
[0.482s] /home/shanto/.local/lib/python3.10/site-packages/setuptools/_distutils/dist.py:289: UserWarning: Unknown distribution option: 'tests_require'
[0.482s]   warnings.warn(msg)
[0.540s] running egg_info
[0.550s] writing ../../build/cps_bridge/cps_bridge.egg-info/PKG-INFO
[0.550s] writing dependency_links to ../../build/cps_bridge/cps_bridge.egg-info/dependency_links.txt
[0.550s] writing entry points to ../../build/cps_bridge/cps_bridge.egg-info/entry_points.txt
[0.550s] writing requirements to ../../build/cps_bridge/cps_bridge.egg-info/requires.txt
[0.550s] writing top-level names to ../../build/cps_bridge/cps_bridge.egg-info/top_level.txt
[0.570s] reading manifest file '../../build/cps_bridge/cps_bridge.egg-info/SOURCES.txt'
[0.570s] adding license file 'LICENSE'
[0.571s] writing manifest file '../../build/cps_bridge/cps_bridge.egg-info/SOURCES.txt'
[0.571s] running build
[0.571s] running build_py
[0.571s] copying src/cps_pub.py -> /home/shanto/Documents/arm-ws-v0.0.0/ros_ws/build/cps_bridge/build/lib/src
[0.571s] copying src/__init__.py -> /home/shanto/Documents/arm-ws-v0.0.0/ros_ws/build/cps_bridge/build/lib/src
[0.571s] running install
[0.574s] running install_lib
[0.584s] running install_data
[0.584s] copying resource/cps_bridge -> /home/shanto/Documents/arm-ws-v0.0.0/ros_ws/install/cps_bridge/share/ament_index/resource_index/packages
[0.584s] copying package.xml -> /home/shanto/Documents/arm-ws-v0.0.0/ros_ws/install/cps_bridge/share/cps_bridge
[0.584s] running install_egg_info
[0.594s] removing '/home/shanto/Documents/arm-ws-v0.0.0/ros_ws/install/cps_bridge/lib/python3.10/site-packages/cps_bridge-0.0.0-py3.10.egg-info' (and everything under it)
[0.594s] Copying ../../build/cps_bridge/cps_bridge.egg-info to /home/shanto/Documents/arm-ws-v0.0.0/ros_ws/install/cps_bridge/lib/python3.10/site-packages/cps_bridge-0.0.0-py3.10.egg-info
[0.594s] running install_scripts
[0.615s] Installing cps_pub script to /home/shanto/Documents/arm-ws-v0.0.0/ros_ws/install/cps_bridge/lib/cps_bridge
[0.615s] writing list of installed files to '/home/shanto/Documents/arm-ws-v0.0.0/ros_ws/build/cps_bridge/install.log'
[0.630s] Invoked command in '/home/shanto/Documents/arm-ws-v0.0.0/ros_ws/src/cps_bridge' returned '0': PYTHONPATH=/home/shanto/Documents/arm-ws-v0.0.0/ros_ws/build/cps_bridge/prefix_override:/usr/lib/python3/dist-packages/colcon_core/task/python/colcon_distutils_commands:/home/shanto/Documents/arm-ws-v0.0.0/ros_ws/install/cps_bridge/lib/python3.10/site-packages:${PYTHONPATH} /usr/bin/python3 -W ignore:setup.py install is deprecated -W ignore:easy_install command is deprecated setup.py egg_info --egg-base ../../build/cps_bridge build --build-base /home/shanto/Documents/arm-ws-v0.0.0/ros_ws/build/cps_bridge/build install --record /home/shanto/Documents/arm-ws-v0.0.0/ros_ws/build/cps_bridge/install.log --single-version-externally-managed install_data
