[0.134s] Invoking command in '/home/shanto/Documents/arm-ws-v0.0.0/ros_ws/build/planner': CMAKE_PREFIX_PATH=${CMAKE_PREFIX_PATH}:/home/shanto/Documents/arm-ws-v0.0.0/ros_ws/src/install/cps_bridge:/home/shanto/Documents/arm-ws-v0.0.0/ros_ws/install/cps_bridge:/opt/ros/humble /usr/bin/cmake --build /home/shanto/Documents/arm-ws-v0.0.0/ros_ws/build/planner -- -j22 -l22
[0.178s] Invoked command in '/home/shanto/Documents/arm-ws-v0.0.0/ros_ws/build/planner' returned '0': CMAKE_PREFIX_PATH=${CMAKE_PREFIX_PATH}:/home/shanto/Documents/arm-ws-v0.0.0/ros_ws/src/install/cps_bridge:/home/shanto/Documents/arm-ws-v0.0.0/ros_ws/install/cps_bridge:/opt/ros/humble /usr/bin/cmake --build /home/shanto/Documents/arm-ws-v0.0.0/ros_ws/build/planner -- -j22 -l22
[0.190s] Invoking command in '/home/shanto/Documents/arm-ws-v0.0.0/ros_ws/build/planner': CMAKE_PREFIX_PATH=${CMAKE_PREFIX_PATH}:/home/shanto/Documents/arm-ws-v0.0.0/ros_ws/src/install/cps_bridge:/home/shanto/Documents/arm-ws-v0.0.0/ros_ws/install/cps_bridge:/opt/ros/humble /usr/bin/cmake --install /home/shanto/Documents/arm-ws-v0.0.0/ros_ws/build/planner
[0.198s] -- Install configuration: ""
[0.198s] -- Up-to-date: /home/shanto/Documents/arm-ws-v0.0.0/ros_ws/install/planner/share/ament_index/resource_index/package_run_dependencies/planner
[0.198s] -- Up-to-date: /home/shanto/Documents/arm-ws-v0.0.0/ros_ws/install/planner/share/ament_index/resource_index/parent_prefix_path/planner
[0.198s] -- Up-to-date: /home/shanto/Documents/arm-ws-v0.0.0/ros_ws/install/planner/share/planner/environment/ament_prefix_path.sh
[0.198s] -- Up-to-date: /home/shanto/Documents/arm-ws-v0.0.0/ros_ws/install/planner/share/planner/environment/ament_prefix_path.dsv
[0.198s] -- Up-to-date: /home/shanto/Documents/arm-ws-v0.0.0/ros_ws/install/planner/share/planner/environment/path.sh
[0.198s] -- Up-to-date: /home/shanto/Documents/arm-ws-v0.0.0/ros_ws/install/planner/share/planner/environment/path.dsv
[0.198s] -- Up-to-date: /home/shanto/Documents/arm-ws-v0.0.0/ros_ws/install/planner/share/planner/local_setup.bash
[0.198s] -- Up-to-date: /home/shanto/Documents/arm-ws-v0.0.0/ros_ws/install/planner/share/planner/local_setup.sh
[0.198s] -- Up-to-date: /home/shanto/Documents/arm-ws-v0.0.0/ros_ws/install/planner/share/planner/local_setup.zsh
[0.198s] -- Up-to-date: /home/shanto/Documents/arm-ws-v0.0.0/ros_ws/install/planner/share/planner/local_setup.dsv
[0.198s] -- Up-to-date: /home/shanto/Documents/arm-ws-v0.0.0/ros_ws/install/planner/share/planner/package.dsv
[0.198s] -- Up-to-date: /home/shanto/Documents/arm-ws-v0.0.0/ros_ws/install/planner/share/ament_index/resource_index/packages/planner
[0.198s] -- Up-to-date: /home/shanto/Documents/arm-ws-v0.0.0/ros_ws/install/planner/share/planner/cmake/plannerConfig.cmake
[0.198s] -- Up-to-date: /home/shanto/Documents/arm-ws-v0.0.0/ros_ws/install/planner/share/planner/cmake/plannerConfig-version.cmake
[0.198s] -- Up-to-date: /home/shanto/Documents/arm-ws-v0.0.0/ros_ws/install/planner/share/planner/package.xml
[0.199s] Invoked command in '/home/shanto/Documents/arm-ws-v0.0.0/ros_ws/build/planner' returned '0': CMAKE_PREFIX_PATH=${CMAKE_PREFIX_PATH}:/home/shanto/Documents/arm-ws-v0.0.0/ros_ws/src/install/cps_bridge:/home/shanto/Documents/arm-ws-v0.0.0/ros_ws/install/cps_bridge:/opt/ros/humble /usr/bin/cmake --install /home/shanto/Documents/arm-ws-v0.0.0/ros_ws/build/planner
