[0.013s] Invoking command in '/home/shanto/Documents/arm-ws-v0.0.0/ros_ws/build/coppeliasim_bridge': CMAKE_PREFIX_PATH=${CMAKE_PREFIX_PATH}:/opt/ros/humble /usr/bin/cmake /home/shanto/Documents/arm-ws-v0.0.0/ros_ws/src/coppeliasim_bridge -DCMAKE_INSTALL_PREFIX=/home/shanto/Documents/arm-ws-v0.0.0/ros_ws/install/coppeliasim_bridge
[0.071s] -- The C compiler identification is GNU 11.4.0
[0.116s] -- The CXX compiler identification is GNU 11.4.0
[0.123s] -- Detecting C compiler ABI info
[0.194s] -- Detecting C compiler ABI info - done
[0.198s] -- Check for working C compiler: /usr/bin/cc - skipped
[0.198s] -- Detecting C compile features
[0.199s] -- Detecting C compile features - done
[0.201s] -- Detecting CXX compiler ABI info
[0.274s] -- Detecting CXX compiler ABI info - done
[0.279s] -- Check for working CXX compiler: /usr/bin/c++ - skipped
[0.279s] -- Detecting CXX compile features
[0.279s] -- Detecting CXX compile features - done
[0.281s] -- Found ament_cmake: 1.3.11 (/opt/ros/humble/share/ament_cmake/cmake)
[0.529s] -- Found Python3: /usr/bin/python3 (found version "3.10.12") found components: Interpreter 
[0.600s] [31mCMake Error at CMakeLists.txt:10 (find_package):
[0.600s]   By not providing "Findcppzmq.cmake" in CMAKE_MODULE_PATH this project has
[0.600s]   asked CMake to find a package configuration file provided by "cppzmq", but
[0.600s]   CMake did not find one.
[0.600s] 
[0.600s]   Could not find a package configuration file provided by "cppzmq" with any
[0.601s]   of the following names:
[0.601s] 
[0.601s]     cppzmqConfig.cmake
[0.601s]     cppzmq-config.cmake
[0.601s] 
[0.601s]   Add the installation prefix of "cppzmq" to CMAKE_PREFIX_PATH or set
[0.601s]   "cppzmq_DIR" to a directory containing one of the above files.  If "cppzmq"
[0.601s]   provides a separate development package or SDK, be sure it has been
[0.601s]   installed.
[0.601s] 
[0.601s] [0m
[0.601s] -- Configuring incomplete, errors occurred!
[0.601s] See also "/home/shanto/Documents/arm-ws-v0.0.0/ros_ws/build/coppeliasim_bridge/CMakeFiles/CMakeOutput.log".
[0.603s] Invoked command in '/home/shanto/Documents/arm-ws-v0.0.0/ros_ws/build/coppeliasim_bridge' returned '1': CMAKE_PREFIX_PATH=${CMAKE_PREFIX_PATH}:/opt/ros/humble /usr/bin/cmake /home/shanto/Documents/arm-ws-v0.0.0/ros_ws/src/coppeliasim_bridge -DCMAKE_INSTALL_PREFIX=/home/shanto/Documents/arm-ws-v0.0.0/ros_ws/install/coppeliasim_bridge
