[0.012s] Invoking command in '/home/shanto/Documents/arm-ws-v0.0.0/ros_ws/build/coppeliasim_bridge': CMAKE_PREFIX_PATH=${CMAKE_PREFIX_PATH}:/opt/ros/humble /usr/bin/cmake --build /home/shanto/Documents/arm-ws-v0.0.0/ros_ws/build/coppeliasim_bridge -- -j22 -l22
[0.061s] [35m[1mConsolidate compiler generated dependencies of target zmq_pub[0m
[0.074s] [  2%] Built target zmq_pub
[0.091s] [35m[1mConsolidate compiler generated dependencies of target unit_tests[0m
[0.117s] [  2%] [32mBuilding CXX object _deps/jsoncons-build/test/CMakeFiles/unit_tests.dir/bson/src/bson_cursor_tests.cpp.o[0m
[6.583s] [  3%] [32mBuilding CXX object _deps/jsoncons-build/test/CMakeFiles/unit_tests.dir/corelib/src/json_constructor_tests.cpp.o[0m
[10.603s] [  4%] [32mBuilding CXX object _deps/jsoncons-build/test/CMakeFiles/unit_tests.dir/corelib/src/json_cursor_tests.cpp.o[0m
[10.606s] [  5%] [32mBuilding CXX object _deps/jsoncons-build/test/CMakeFiles/unit_tests.dir/corelib/src/json_const_pointer_arg_tests.cpp.o[0m
[10.607s] [  6%] [32mBuilding CXX object _deps/jsoncons-build/test/CMakeFiles/unit_tests.dir/corelib/src/json_compare_tests.cpp.o[0m
[10.607s] [  6%] [32mBuilding CXX object _deps/jsoncons-build/test/CMakeFiles/unit_tests.dir/corelib/src/json_checker_tests.cpp.o[0m
[11.629s] [  8%] [32mBuilding CXX object _deps/jsoncons-build/test/CMakeFiles/unit_tests.dir/corelib/src/json_assignment_tests.cpp.o[0m
[11.629s] [  8%] [32mBuilding CXX object _deps/jsoncons-build/test/CMakeFiles/unit_tests.dir/corelib/src/json_bitset_traits_tests.cpp.o[0m
[11.629s] [  8%] [32mBuilding CXX object _deps/jsoncons-build/test/CMakeFiles/unit_tests.dir/corelib/src/json_as_tests.cpp.o[0m
[12.646s] [  8%] [32mBuilding CXX object _deps/jsoncons-build/test/CMakeFiles/unit_tests.dir/corelib/src/encode_decode_json_tests.cpp.o[0m
[12.647s] [  8%] [32mBuilding CXX object _deps/jsoncons-build/test/CMakeFiles/unit_tests.dir/cbor/src/encode_cbor_tests.cpp.o[0m
[12.648s] [  9%] [32mBuilding CXX object _deps/jsoncons-build/test/CMakeFiles/unit_tests.dir/corelib/src/json_array_tests.cpp.o[0m
[13.664s] [ 10%] [32mBuilding CXX object _deps/jsoncons-build/test/CMakeFiles/unit_tests.dir/cbor/src/cbor_typed_array_tests.cpp.o[0m
[13.669s] [ 11%] [32mBuilding CXX object _deps/jsoncons-build/test/CMakeFiles/unit_tests.dir/cbor/src/decode_cbor_tests.cpp.o[0m
[13.669s] [ 11%] [32mBuilding CXX object _deps/jsoncons-build/test/CMakeFiles/unit_tests.dir/cbor/src/cbor_tests.cpp.o[0m
[14.689s] [ 12%] [32mBuilding CXX object _deps/jsoncons-build/test/CMakeFiles/unit_tests.dir/cbor/src/cbor_reader_tests.cpp.o[0m
[14.690s] [ 13%] [32mBuilding CXX object _deps/jsoncons-build/test/CMakeFiles/unit_tests.dir/cbor/src/cbor_event_reader_tests.cpp.o[0m
[14.691s] [ 14%] [32mBuilding CXX object _deps/jsoncons-build/test/CMakeFiles/unit_tests.dir/cbor/src/cbor_event_visitor_tests.cpp.o[0m
[14.708s] [ 14%] [32mBuilding CXX object _deps/jsoncons-build/test/CMakeFiles/unit_tests.dir/cbor/src/cbor_encoder_tests.cpp.o[0m
[14.968s] [ 14%] [32mBuilding CXX object _deps/jsoncons-build/test/CMakeFiles/unit_tests.dir/corelib/src/json_encoder_tests.cpp.o[0m
[16.002s] [ 15%] [32mBuilding CXX object _deps/jsoncons-build/test/CMakeFiles/unit_tests.dir/cbor/src/cbor_bitset_traits_tests.cpp.o[0m
[16.004s] [ 17%] [32mBuilding CXX object _deps/jsoncons-build/test/CMakeFiles/unit_tests.dir/cbor/src/cbor_cursor_tests.cpp.o[0m
[16.004s] [ 17%] [32mBuilding CXX object _deps/jsoncons-build/test/CMakeFiles/unit_tests.dir/corelib/src/json_exception_tests.cpp.o[0m
[16.005s] [ 18%] [32mBuilding CXX object _deps/jsoncons-build/test/CMakeFiles/unit_tests.dir/bson/src/bson_test_suite.cpp.o[0m
[16.005s] [ 18%] [32mBuilding CXX object _deps/jsoncons-build/test/CMakeFiles/unit_tests.dir/bson/src/encode_decode_bson_tests.cpp.o[0m
[17.596s] [ 19%] [32mBuilding CXX object _deps/jsoncons-build/test/CMakeFiles/unit_tests.dir/corelib/src/json_filter_tests.cpp.o[0m
[19.872s] [ 19%] [32mBuilding CXX object _deps/jsoncons-build/test/CMakeFiles/unit_tests.dir/corelib/src/json_in_place_update_tests.cpp.o[0m
[20.150s] [ 20%] [32mBuilding CXX object _deps/jsoncons-build/test/CMakeFiles/unit_tests.dir/corelib/src/json_integer_tests.cpp.o[0m
[20.967s] [ 21%] [32mBuilding CXX object _deps/jsoncons-build/test/CMakeFiles/unit_tests.dir/corelib/src/json_less_tests.cpp.o[0m
[22.346s] [ 21%] [32mBuilding CXX object _deps/jsoncons-build/test/CMakeFiles/unit_tests.dir/corelib/src/json_line_split_tests.cpp.o[0m
[23.320s] [ 22%] [32mBuilding CXX object _deps/jsoncons-build/test/CMakeFiles/unit_tests.dir/corelib/src/json_literal_operator_tests.cpp.o[0m
[24.221s] [ 23%] [32mBuilding CXX object _deps/jsoncons-build/test/CMakeFiles/unit_tests.dir/corelib/src/json_object_tests.cpp.o[0m
[25.845s] [ 24%] [32mBuilding CXX object _deps/jsoncons-build/test/CMakeFiles/unit_tests.dir/corelib/src/json_options_tests.cpp.o[0m
[25.987s] [ 24%] [32mBuilding CXX object _deps/jsoncons-build/test/CMakeFiles/unit_tests.dir/corelib/src/json_parser_error_tests.cpp.o[0m
[26.852s] [ 25%] [32mBuilding CXX object _deps/jsoncons-build/test/CMakeFiles/unit_tests.dir/corelib/src/json_parser_position_tests.cpp.o[0m
[27.315s] [ 26%] [32mBuilding CXX object _deps/jsoncons-build/test/CMakeFiles/unit_tests.dir/corelib/src/json_parser_recovery_tests.cpp.o[0m
[28.075s] [ 26%] [32mBuilding CXX object _deps/jsoncons-build/test/CMakeFiles/unit_tests.dir/corelib/src/json_parser_tests.cpp.o[0m
[29.160s] [ 27%] [32mBuilding CXX object _deps/jsoncons-build/test/CMakeFiles/unit_tests.dir/corelib/src/json_pointer_arg_tests.cpp.o[0m
[29.617s] [ 28%] [32mBuilding CXX object _deps/jsoncons-build/test/CMakeFiles/unit_tests.dir/corelib/src/json_push_back_tests.cpp.o[0m
[30.911s] [ 28%] [32mBuilding CXX object _deps/jsoncons-build/test/CMakeFiles/unit_tests.dir/corelib/src/json_reader_exception_tests.cpp.o[0m
[31.039s] [ 29%] [32mBuilding CXX object _deps/jsoncons-build/test/CMakeFiles/unit_tests.dir/corelib/src/json_reader_tests.cpp.o[0m
[31.361s] [ 30%] [32mBuilding CXX object _deps/jsoncons-build/test/CMakeFiles/unit_tests.dir/corelib/src/json_storage_tests.cpp.o[0m
[31.516s] [ 31%] [32mBuilding CXX object _deps/jsoncons-build/test/CMakeFiles/unit_tests.dir/corelib/src/json_swap_tests.cpp.o[0m
[32.325s] [ 31%] [32mBuilding CXX object _deps/jsoncons-build/test/CMakeFiles/unit_tests.dir/corelib/src/jsoncons_tests.cpp.o[0m
[32.334s] [ 32%] [32mBuilding CXX object _deps/jsoncons-build/test/CMakeFiles/unit_tests.dir/corelib/src/JSONTestSuite_tests.cpp.o[0m
[33.150s] [ 33%] [32mBuilding CXX object _deps/jsoncons-build/test/CMakeFiles/unit_tests.dir/corelib/src/ojson_object_tests.cpp.o[0m
[33.524s] [ 33%] [32mBuilding CXX object _deps/jsoncons-build/test/CMakeFiles/unit_tests.dir/corelib/src/ojson_tests.cpp.o[0m
[34.341s] [ 34%] [32mBuilding CXX object _deps/jsoncons-build/test/CMakeFiles/unit_tests.dir/corelib/src/parse_string_tests.cpp.o[0m
[34.762s] [ 35%] [32mBuilding CXX object _deps/jsoncons-build/test/CMakeFiles/unit_tests.dir/corelib/src/polymorphic_allocator_tests.cpp.o[0m
[35.438s] [ 35%] [32mBuilding CXX object _deps/jsoncons-build/test/CMakeFiles/unit_tests.dir/corelib/src/reflect/decode_traits_tests.cpp.o[0m
[35.564s] [ 36%] [32mBuilding CXX object _deps/jsoncons-build/test/CMakeFiles/unit_tests.dir/corelib/src/reflect/encode_traits_tests.cpp.o[0m
[35.595s] [ 37%] [32mBuilding CXX object _deps/jsoncons-build/test/CMakeFiles/unit_tests.dir/corelib/src/reflect/json_conv_traits_chrono_tests.cpp.o[0m
[36.370s] [ 38%] [32mBuilding CXX object _deps/jsoncons-build/test/CMakeFiles/unit_tests.dir/corelib/src/reflect/json_conv_traits_string_tests.cpp.o[0m
[36.580s] [ 38%] [32mBuilding CXX object _deps/jsoncons-build/test/CMakeFiles/unit_tests.dir/corelib/src/reflect/json_conv_traits_tests.cpp.o[0m
[37.190s] [ 39%] [32mBuilding CXX object _deps/jsoncons-build/test/CMakeFiles/unit_tests.dir/corelib/src/reflect/json_type_traits_tests.cpp.o[0m
[37.205s] [ 40%] [32mBuilding CXX object _deps/jsoncons-build/test/CMakeFiles/unit_tests.dir/corelib/src/reflect/reflect_traits_container_tests.cpp.o[0m
[38.313s] [ 40%] [32mBuilding CXX object _deps/jsoncons-build/test/CMakeFiles/unit_tests.dir/corelib/src/reflect/reflect_traits_gen_functional_tests.cpp.o[0m
[38.576s] [ 41%] [32mBuilding CXX object _deps/jsoncons-build/test/CMakeFiles/unit_tests.dir/corelib/src/reflect/reflect_traits_gen_limit_tests.cpp.o[0m
[38.588s] [ 42%] [32mBuilding CXX object _deps/jsoncons-build/test/CMakeFiles/unit_tests.dir/corelib/src/reflect/reflect_traits_gen_tests.cpp.o[0m
[38.667s] [ 42%] [32mBuilding CXX object _deps/jsoncons-build/test/CMakeFiles/unit_tests.dir/corelib/src/reflect/reflect_traits_name_gen_tests.cpp.o[0m
[39.550s] [ 43%] [32mBuilding CXX object _deps/jsoncons-build/test/CMakeFiles/unit_tests.dir/corelib/src/scoped_allocator_adaptor_tests.cpp.o[0m
[39.560s] [ 44%] [32mBuilding CXX object _deps/jsoncons-build/test/CMakeFiles/unit_tests.dir/corelib/src/short_string_tests.cpp.o[0m
[40.429s] [ 45%] [32mBuilding CXX object _deps/jsoncons-build/test/CMakeFiles/unit_tests.dir/corelib/src/source_adaptor_tests.cpp.o[0m
[41.311s] [ 45%] [32mBuilding CXX object _deps/jsoncons-build/test/CMakeFiles/unit_tests.dir/corelib/src/source_tests.cpp.o[0m
[41.498s] [ 46%] [32mBuilding CXX object _deps/jsoncons-build/test/CMakeFiles/unit_tests.dir/corelib/src/staj_array_iterator_ec_tests.cpp.o[0m
[41.865s] [ 47%] [32mBuilding CXX object _deps/jsoncons-build/test/CMakeFiles/unit_tests.dir/corelib/src/staj_iterator_tests.cpp.o[0m
[42.366s] [ 47%] [32mBuilding CXX object _deps/jsoncons-build/test/CMakeFiles/unit_tests.dir/corelib/src/string_to_double_tests.cpp.o[0m
[42.367s] [ 48%] [32mBuilding CXX object _deps/jsoncons-build/test/CMakeFiles/unit_tests.dir/corelib/src/try_decode_json_tests.cpp.o[0m
[43.214s] [ 49%] [32mBuilding CXX object _deps/jsoncons-build/test/CMakeFiles/unit_tests.dir/corelib/src/utility/bigint_tests.cpp.o[0m
[43.701s] [ 49%] [32mBuilding CXX object _deps/jsoncons-build/test/CMakeFiles/unit_tests.dir/corelib/src/utility/byte_string_tests.cpp.o[0m
[43.890s] [ 50%] [32mBuilding CXX object _deps/jsoncons-build/test/CMakeFiles/unit_tests.dir/corelib/src/utility/extension_traits_tests.cpp.o[0m
[46.173s] [ 51%] [32mBuilding CXX object _deps/jsoncons-build/test/CMakeFiles/unit_tests.dir/corelib/src/utility/heap_string_tests.cpp.o[0m
[46.511s] [ 52%] [32mBuilding CXX object _deps/jsoncons-build/test/CMakeFiles/unit_tests.dir/corelib/src/utility/read_number_tests.cpp.o[0m
[46.984s] [ 52%] [32mBuilding CXX object _deps/jsoncons-build/test/CMakeFiles/unit_tests.dir/corelib/src/utility/unicode_conv_tests.cpp.o[0m
[47.199s] [ 53%] [32mBuilding CXX object _deps/jsoncons-build/test/CMakeFiles/unit_tests.dir/corelib/src/utility/uri_tests.cpp.o[0m
[47.266s] [ 54%] [32mBuilding CXX object _deps/jsoncons-build/test/CMakeFiles/unit_tests.dir/corelib/src/value_converter_tests.cpp.o[0m
[47.557s] [ 54%] [32mBuilding CXX object _deps/jsoncons-build/test/CMakeFiles/unit_tests.dir/corelib/src/wjson_tests.cpp.o[0m
[47.964s] [ 55%] [32mBuilding CXX object _deps/jsoncons-build/test/CMakeFiles/unit_tests.dir/csv/src/csv_cursor_tests.cpp.o[0m
[48.450s] [ 56%] [32mBuilding CXX object _deps/jsoncons-build/test/CMakeFiles/unit_tests.dir/csv/src/csv_reader_tests.cpp.o[0m
[48.475s] [ 56%] [32mBuilding CXX object _deps/jsoncons-build/test/CMakeFiles/unit_tests.dir/csv/src/csv_subfield_tests.cpp.o[0m
[48.566s] [ 57%] [32mBuilding CXX object _deps/jsoncons-build/test/CMakeFiles/unit_tests.dir/csv/src/csv_tests.cpp.o[0m
[48.771s] [ 58%] [32mBuilding CXX object _deps/jsoncons-build/test/CMakeFiles/unit_tests.dir/csv/src/encode_decode_csv_tests.cpp.o[0m
[49.026s] [ 59%] [32mBuilding CXX object _deps/jsoncons-build/test/CMakeFiles/unit_tests.dir/fuzz_regression/src/fuzz_regression_tests.cpp.o[0m
[49.704s] [ 59%] [32mBuilding CXX object _deps/jsoncons-build/test/CMakeFiles/unit_tests.dir/jmespath/src/jmespath_custom_function_tests.cpp.o[0m
[49.791s] [ 60%] [32mBuilding CXX object _deps/jsoncons-build/test/CMakeFiles/unit_tests.dir/jmespath/src/jmespath_expression_tests.cpp.o[0m
[49.819s] [ 61%] [32mBuilding CXX object _deps/jsoncons-build/test/CMakeFiles/unit_tests.dir/jmespath/src/jmespath_let_tests.cpp.o[0m
[50.890s] [ 61%] [32mBuilding CXX object _deps/jsoncons-build/test/CMakeFiles/unit_tests.dir/jmespath/src/jmespath_tests.cpp.o[0m
[51.213s] [ 62%] [32mBuilding CXX object _deps/jsoncons-build/test/CMakeFiles/unit_tests.dir/jsonpatch/src/jsonpatch_test_suite.cpp.o[0m
[51.555s] [ 63%] [32mBuilding CXX object _deps/jsoncons-build/test/CMakeFiles/unit_tests.dir/jsonpatch/src/jsonpatch_tests.cpp.o[0m
[51.653s] [ 63%] [32mBuilding CXX object _deps/jsoncons-build/test/CMakeFiles/unit_tests.dir/jsonpath/src/json_location_parser_tests.cpp.o[0m
[52.741s] [ 64%] [32mBuilding CXX object _deps/jsoncons-build/test/CMakeFiles/unit_tests.dir/jsonpath/src/json_location_tests.cpp.o[0m
[53.016s] [ 65%] [32mBuilding CXX object _deps/jsoncons-build/test/CMakeFiles/unit_tests.dir/jsonpath/src/jsonpath_custom_function_tests.cpp.o[0m
[53.667s] [ 66%] [32mBuilding CXX object _deps/jsoncons-build/test/CMakeFiles/unit_tests.dir/jsonpath/src/jsonpath_expression_tests.cpp.o[0m
[54.726s] [ 66%] [32mBuilding CXX object _deps/jsoncons-build/test/CMakeFiles/unit_tests.dir/jsonpath/src/jsonpath_flatten_tests.cpp.o[0m
[56.006s] [ 67%] [32mBuilding CXX object _deps/jsoncons-build/test/CMakeFiles/unit_tests.dir/jsonpath/src/jsonpath_function_tests.cpp.o[0m
[56.406s] [ 68%] [32mBuilding CXX object _deps/jsoncons-build/test/CMakeFiles/unit_tests.dir/jsonpath/src/jsonpath_json_query_tests.cpp.o[0m
[56.827s] [ 68%] [32mBuilding CXX object _deps/jsoncons-build/test/CMakeFiles/unit_tests.dir/jsonpath/src/jsonpath_json_replace_tests.cpp.o[0m
[57.030s] [ 69%] [32mBuilding CXX object _deps/jsoncons-build/test/CMakeFiles/unit_tests.dir/jsonpath/src/jsonpath_select_paths_tests.cpp.o[0m
[58.639s] [ 70%] [32mBuilding CXX object _deps/jsoncons-build/test/CMakeFiles/unit_tests.dir/jsonpath/src/jsonpath_stateful_allocator_tests.cpp.o[0m
[59.202s] [ 70%] [32mBuilding CXX object _deps/jsoncons-build/test/CMakeFiles/unit_tests.dir/jsonpath/src/jsonpath_test_suite.cpp.o[0m
[61.667s] [ 71%] [32mBuilding CXX object _deps/jsoncons-build/test/CMakeFiles/unit_tests.dir/jsonpath/src/path_node_tests.cpp.o[0m
[62.198s] [ 72%] [32mBuilding CXX object _deps/jsoncons-build/test/CMakeFiles/unit_tests.dir/jsonpointer/src/jsonpointer_flatten_tests.cpp.o[0m
