[0.016s] Invoking command in '/home/shanto/Documents/arm-ws-v0.0.0/ros_ws/build/coppeliasim_bridge': CMAKE_PREFIX_PATH=${CMAKE_PREFIX_PATH}:/opt/ros/humble /usr/bin/cmake --build /home/shanto/Documents/arm-ws-v0.0.0/ros_ws/build/coppeliasim_bridge -- -j22 -l22
[0.069s] [35m[1mConsolidate compiler generated dependencies of target zmq_pub[0m
[0.082s] [ 50%] [32mBuilding CXX object CMakeFiles/zmq_pub.dir/src/zmq_pub.cpp.o[0m
[0.181s] [01m[K/home/shanto/Documents/arm-ws-v0.0.0/ros_ws/src/coppeliasim_bridge/src/zmq_pub.cpp:[m[K In function ‘[01m[Kint main(int, char**)[m[K’:
[0.181s] [01m[K/home/shanto/Documents/arm-ws-v0.0.0/ros_ws/src/coppeliasim_bridge/src/zmq_pub.cpp:3:14:[m[K [01;35m[Kwarning: [m[Kunused parameter ‘[01m[Kargc[m[K’ [[01;35m[K]8;;https://gcc.gnu.org/onlinedocs/gcc/Warning-Options.html#index-Wunused-parameter-Wunused-parameter]8;;[m[K]
[0.181s]     3 | int main([01;35m[Kint argc[m[K, char **argv)
[0.181s]       |          [01;35m[K~~~~^~~~[m[K
[0.181s] [01m[K/home/shanto/Documents/arm-ws-v0.0.0/ros_ws/src/coppeliasim_bridge/src/zmq_pub.cpp:3:27:[m[K [01;35m[Kwarning: [m[Kunused parameter ‘[01m[Kargv[m[K’ [[01;35m[K]8;;https://gcc.gnu.org/onlinedocs/gcc/Warning-Options.html#index-Wunused-parameter-Wunused-parameter]8;;[m[K]
[0.181s]     3 | int main(int argc, [01;35m[Kchar **argv[m[K)
[0.181s]       |                    [01;35m[K~~~~~~~^~~~[m[K
[0.218s] [100%] [32m[1mLinking CXX executable zmq_pub[0m
[0.278s] [100%] Built target zmq_pub
[0.291s] Invoked command in '/home/shanto/Documents/arm-ws-v0.0.0/ros_ws/build/coppeliasim_bridge' returned '0': CMAKE_PREFIX_PATH=${CMAKE_PREFIX_PATH}:/opt/ros/humble /usr/bin/cmake --build /home/shanto/Documents/arm-ws-v0.0.0/ros_ws/build/coppeliasim_bridge -- -j22 -l22
[0.302s] Invoking command in '/home/shanto/Documents/arm-ws-v0.0.0/ros_ws/build/coppeliasim_bridge': CMAKE_PREFIX_PATH=${CMAKE_PREFIX_PATH}:/opt/ros/humble /usr/bin/cmake --install /home/shanto/Documents/arm-ws-v0.0.0/ros_ws/build/coppeliasim_bridge
[0.309s] -- Install configuration: ""
[0.310s] -- Installing: /home/shanto/Documents/arm-ws-v0.0.0/ros_ws/install/coppeliasim_bridge/share/ament_index/resource_index/package_run_dependencies/coppeliasim_bridge
[0.310s] -- Installing: /home/shanto/Documents/arm-ws-v0.0.0/ros_ws/install/coppeliasim_bridge/share/ament_index/resource_index/parent_prefix_path/coppeliasim_bridge
[0.310s] -- Installing: /home/shanto/Documents/arm-ws-v0.0.0/ros_ws/install/coppeliasim_bridge/share/coppeliasim_bridge/environment/ament_prefix_path.sh
[0.310s] -- Installing: /home/shanto/Documents/arm-ws-v0.0.0/ros_ws/install/coppeliasim_bridge/share/coppeliasim_bridge/environment/ament_prefix_path.dsv
[0.310s] -- Installing: /home/shanto/Documents/arm-ws-v0.0.0/ros_ws/install/coppeliasim_bridge/share/coppeliasim_bridge/environment/path.sh
[0.311s] -- Installing: /home/shanto/Documents/arm-ws-v0.0.0/ros_ws/install/coppeliasim_bridge/share/coppeliasim_bridge/environment/path.dsv
[0.311s] -- Installing: /home/shanto/Documents/arm-ws-v0.0.0/ros_ws/install/coppeliasim_bridge/share/coppeliasim_bridge/local_setup.bash
[0.311s] -- Installing: /home/shanto/Documents/arm-ws-v0.0.0/ros_ws/install/coppeliasim_bridge/share/coppeliasim_bridge/local_setup.sh
[0.311s] -- Installing: /home/shanto/Documents/arm-ws-v0.0.0/ros_ws/install/coppeliasim_bridge/share/coppeliasim_bridge/local_setup.zsh
[0.311s] -- Installing: /home/shanto/Documents/arm-ws-v0.0.0/ros_ws/install/coppeliasim_bridge/share/coppeliasim_bridge/local_setup.dsv
[0.311s] -- Up-to-date: /home/shanto/Documents/arm-ws-v0.0.0/ros_ws/install/coppeliasim_bridge/share/coppeliasim_bridge/package.dsv
[0.311s] -- Installing: /home/shanto/Documents/arm-ws-v0.0.0/ros_ws/install/coppeliasim_bridge/share/ament_index/resource_index/packages/coppeliasim_bridge
[0.311s] -- Installing: /home/shanto/Documents/arm-ws-v0.0.0/ros_ws/install/coppeliasim_bridge/share/coppeliasim_bridge/cmake/coppeliasim_bridgeConfig.cmake
[0.311s] -- Installing: /home/shanto/Documents/arm-ws-v0.0.0/ros_ws/install/coppeliasim_bridge/share/coppeliasim_bridge/cmake/coppeliasim_bridgeConfig-version.cmake
[0.311s] -- Installing: /home/shanto/Documents/arm-ws-v0.0.0/ros_ws/install/coppeliasim_bridge/share/coppeliasim_bridge/package.xml
[0.312s] Invoked command in '/home/shanto/Documents/arm-ws-v0.0.0/ros_ws/build/coppeliasim_bridge' returned '0': CMAKE_PREFIX_PATH=${CMAKE_PREFIX_PATH}:/opt/ros/humble /usr/bin/cmake --install /home/shanto/Documents/arm-ws-v0.0.0/ros_ws/build/coppeliasim_bridge
