[0.014s] Invoking command in '/home/shanto/Documents/arm-ws-v0.0.0/ros_ws/build/coppeliasim_bridge': CMAKE_PREFIX_PATH=${CMAKE_PREFIX_PATH}:/opt/ros/humble /usr/bin/cmake --build /home/shanto/Documents/arm-ws-v0.0.0/ros_ws/build/coppeliasim_bridge -- -j22 -l22
[0.040s] -- jsoncons found via find_package
[0.040s] -- Found ament_cmake: 1.3.11 (/opt/ros/humble/share/ament_cmake/cmake)
[0.160s] -- Found CoppeliaSim at: /home/shanto/CoppeliaSim_Pro_V4_10_0_rev0_Ubuntu22_04
[0.160s] -- CoppeliaSim include dir: /home/shanto/CoppeliaSim_Pro_V4_10_0_rev0_Ubuntu22_04/programming/include
[0.160s] -- CoppeliaSim lib dir: /home/shanto/CoppeliaSim_Pro_V4_10_0_rev0_Ubuntu22_04/programming/lib
[0.219s] -- Found ament_lint_auto: 0.12.12 (/opt/ros/humble/share/ament_lint_auto/cmake)
[0.278s] -- Added test 'cppcheck' to perform static code analysis on C / C++ code
[0.278s] -- Configured cppcheck include dirs: 
[0.278s] -- Configured cppcheck exclude dirs and/or files: 
[0.279s] -- Added test 'lint_cmake' to check CMake code style
[0.279s] -- Added test 'uncrustify' to check C / C++ code style
[0.279s] -- Configured uncrustify additional arguments: 
[0.279s] -- Added test 'xmllint' to check XML markup files
[0.280s] -- Configuring done
[0.280s] [31mCMake Error at CMakeLists.txt:77 (add_executable):
[0.280s]   Target "zmq_pub" links to target "jsoncons::jsoncons" but the target was
[0.281s]   not found.  Perhaps a find_package() call is missing for an IMPORTED
[0.281s]   target, or an ALIAS target is missing?
[0.281s] 
[0.281s] [0m
[0.283s] -- Generating done
[0.283s] [0mCMake Generate step failed.  Build files cannot be regenerated correctly.[0m
[0.285s] gmake: *** [Makefile:673: cmake_check_build_system] Error 1
[0.288s] Invoked command in '/home/shanto/Documents/arm-ws-v0.0.0/ros_ws/build/coppeliasim_bridge' returned '2': CMAKE_PREFIX_PATH=${CMAKE_PREFIX_PATH}:/opt/ros/humble /usr/bin/cmake --build /home/shanto/Documents/arm-ws-v0.0.0/ros_ws/build/coppeliasim_bridge -- -j22 -l22
