[0.011s] Invoking command in '/home/shanto/Documents/arm-ws-v0.0.0/ros_ws/build/coppeliasim_bridge': CMAKE_PREFIX_PATH=${CMAKE_PREFIX_PATH}:/opt/ros/humble /usr/bin/cmake --build /home/shanto/Documents/arm-ws-v0.0.0/ros_ws/build/coppeliasim_bridge -- -j22 -l22
[15.176s] -- jsoncons v1.3.2
[15.181s] -- Forcing tests build type to Release
[15.183s] -- Version 11.4.0
[15.185s] -- Found ament_cmake: 1.3.11 (/opt/ros/humble/share/ament_cmake/cmake)
[15.288s] -- Found ament_lint_auto: 0.12.12 (/opt/ros/humble/share/ament_lint_auto/cmake)
[15.346s] -- Added test 'cppcheck' to perform static code analysis on C / C++ code
[15.346s] -- Configured cppcheck include dirs: 
[15.346s] -- Configured cppcheck exclude dirs and/or files: 
[15.346s] -- Added test 'lint_cmake' to check CMake code style
[15.347s] -- Added test 'uncrustify' to check C / C++ code style
[15.347s] -- Configured uncrustify additional arguments: 
[15.347s] -- Added test 'xmllint' to check XML markup files
[15.347s] -- Configuring done
[15.350s] [31mCMake Error at CMakeLists.txt:23 (add_executable):
[15.350s]   Target "zmq_pub" links to target "cppzmq::cppzmq" but the target was not
[15.351s]   found.  Perhaps a find_package() call is missing for an IMPORTED target, or
[15.351s]   an ALIAS target is missing?
[15.351s] 
[15.351s] [0m
[15.370s] -- Generating done
[15.372s] [0mCMake Generate step failed.  Build files cannot be regenerated correctly.[0m
[15.374s] gmake: *** [Makefile:267: cmake_check_build_system] Error 1
[15.376s] Invoked command in '/home/shanto/Documents/arm-ws-v0.0.0/ros_ws/build/coppeliasim_bridge' returned '2': CMAKE_PREFIX_PATH=${CMAKE_PREFIX_PATH}:/opt/ros/humble /usr/bin/cmake --build /home/shanto/Documents/arm-ws-v0.0.0/ros_ws/build/coppeliasim_bridge -- -j22 -l22
