[0.016s] Invoking command in '/home/shanto/Documents/arm-ws-v0.0.0/ros_ws/build/coppeliasim_bridge': CMAKE_PREFIX_PATH=${CMAKE_PREFIX_PATH}:/opt/ros/humble /usr/bin/cmake --build /home/shanto/Documents/arm-ws-v0.0.0/ros_ws/build/coppeliasim_bridge -- -j22 -l22
[0.815s] -- jsoncons v1.3.2
[0.826s] -- Version 11.4.0
[0.828s] -- Found ament_cmake: 1.3.11 (/opt/ros/humble/share/ament_cmake/cmake)
[0.938s] -- Found CoppeliaSim at: /home/shanto/CoppeliaSim_Pro_V4_10_0_rev0_Ubuntu22_04
[0.938s] -- CoppeliaSim include dir: /home/shanto/CoppeliaSim_Pro_V4_10_0_rev0_Ubuntu22_04/programming/include
[0.938s] -- CoppeliaSim lib dir: /home/shanto/CoppeliaSim_Pro_V4_10_0_rev0_Ubuntu22_04/programming/lib
[0.990s] -- Found ament_lint_auto: 0.12.12 (/opt/ros/humble/share/ament_lint_auto/cmake)
[1.048s] -- Added test 'cppcheck' to perform static code analysis on C / C++ code
[1.048s] -- Configured cppcheck include dirs: 
[1.048s] -- Configured cppcheck exclude dirs and/or files: 
[1.048s] -- Added test 'lint_cmake' to check CMake code style
[1.049s] -- Added test 'uncrustify' to check C / C++ code style
[1.049s] -- Configured uncrustify additional arguments: 
[1.049s] -- Added test 'xmllint' to check XML markup files
[1.049s] -- Configuring done
[1.069s] -- Generating done
[1.073s] -- Build files have been written to: /home/shanto/Documents/arm-ws-v0.0.0/ros_ws/build/coppeliasim_bridge
[1.108s] [35m[1mConsolidate compiler generated dependencies of target zmq_pub[0m
[1.122s] [  1%] [32mBuilding CXX object CMakeFiles/zmq_pub.dir/src/zmq_pub.cpp.o[0m
[1.128s] [35m[1mConsolidate compiler generated dependencies of target unit_tests[0m
[1.250s] [01m[K/home/shanto/Documents/arm-ws-v0.0.0/ros_ws/src/coppeliasim_bridge/src/zmq_pub.cpp:[m[K In function ‘[01m[Kint main(int, char**)[m[K’:
[1.250s] [01m[K/home/shanto/Documents/arm-ws-v0.0.0/ros_ws/src/coppeliasim_bridge/src/zmq_pub.cpp:3:14:[m[K [01;35m[Kwarning: [m[Kunused parameter ‘[01m[Kargc[m[K’ [[01;35m[K]8;;https://gcc.gnu.org/onlinedocs/gcc/Warning-Options.html#index-Wunused-parameter-Wunused-parameter]8;;[m[K]
[1.250s]     3 | int main([01;35m[Kint argc[m[K, char **argv)
[1.250s]       |          [01;35m[K~~~~^~~~[m[K
[1.250s] [01m[K/home/shanto/Documents/arm-ws-v0.0.0/ros_ws/src/coppeliasim_bridge/src/zmq_pub.cpp:3:27:[m[K [01;35m[Kwarning: [m[Kunused parameter ‘[01m[Kargv[m[K’ [[01;35m[K]8;;https://gcc.gnu.org/onlinedocs/gcc/Warning-Options.html#index-Wunused-parameter-Wunused-parameter]8;;[m[K]
[1.250s]     3 | int main(int argc, [01;35m[Kchar **argv[m[K)
[1.250s]       |                    [01;35m[K~~~~~~~^~~~[m[K
[1.253s] [  1%] [32mBuilding CXX object _deps/jsoncons-build/test/CMakeFiles/unit_tests.dir/jmespath/src/jmespath_custom_function_tests.cpp.o[0m
[1.257s] [  2%] [32mBuilding CXX object _deps/jsoncons-build/test/CMakeFiles/unit_tests.dir/csv/src/csv_cursor_tests.cpp.o[0m
[1.260s] [  2%] [32mBuilding CXX object _deps/jsoncons-build/test/CMakeFiles/unit_tests.dir/corelib/src/reflect/reflect_traits_gen_functional_tests.cpp.o[0m
[1.261s] [  3%] [32mBuilding CXX object _deps/jsoncons-build/test/CMakeFiles/unit_tests.dir/corelib/src/reflect/reflect_traits_gen_tests.cpp.o[0m
[1.268s] [  3%] [32mBuilding CXX object _deps/jsoncons-build/test/CMakeFiles/unit_tests.dir/jmespath/src/jmespath_tests.cpp.o[0m
[1.270s] [  4%] [32mBuilding CXX object _deps/jsoncons-build/test/CMakeFiles/unit_tests.dir/csv/src/csv_tests.cpp.o[0m
[1.278s] [  5%] [32mBuilding CXX object _deps/jsoncons-build/test/CMakeFiles/unit_tests.dir/csv/src/encode_decode_csv_tests.cpp.o[0m
[1.278s] [  6%] [32mBuilding CXX object _deps/jsoncons-build/test/CMakeFiles/unit_tests.dir/jsonpath/src/jsonpath_expression_tests.cpp.o[0m
[1.284s] [  6%] [32mBuilding CXX object _deps/jsoncons-build/test/CMakeFiles/unit_tests.dir/jsonschema/src/abort_early_tests.cpp.o[0m
[1.284s] [  7%] [32mBuilding CXX object _deps/jsoncons-build/test/CMakeFiles/unit_tests.dir/jsonpath/src/jsonpath_custom_function_tests.cpp.o[0m
[1.292s] [  8%] [32mBuilding CXX object _deps/jsoncons-build/test/CMakeFiles/unit_tests.dir/jsonpatch/src/jsonpatch_tests.cpp.o[0m
[1.294s] [  8%] [32mBuilding CXX object _deps/jsoncons-build/test/CMakeFiles/unit_tests.dir/jsonpath/src/jsonpath_json_replace_tests.cpp.o[0m
[1.296s] [  9%] [32mBuilding CXX object _deps/jsoncons-build/test/CMakeFiles/unit_tests.dir/jsonpath/src/jsonpath_select_paths_tests.cpp.o[0m
[1.300s] [ 10%] [32mBuilding CXX object _deps/jsoncons-build/test/CMakeFiles/unit_tests.dir/jmespath/src/jmespath_expression_tests.cpp.o[0m
[1.300s] [ 10%] [32mBuilding CXX object _deps/jsoncons-build/test/CMakeFiles/unit_tests.dir/jsonpath/src/jsonpath_test_suite.cpp.o[0m
[1.303s] [ 11%] [32mBuilding CXX object _deps/jsoncons-build/test/CMakeFiles/unit_tests.dir/jsonpath/src/jsonpath_stateful_allocator_tests.cpp.o[0m
[1.307s] [ 12%] [32mBuilding CXX object _deps/jsoncons-build/test/CMakeFiles/unit_tests.dir/jmespath/src/jmespath_let_tests.cpp.o[0m
[1.308s] [ 13%] [32mBuilding CXX object _deps/jsoncons-build/test/CMakeFiles/unit_tests.dir/jsonpath/src/jsonpath_json_query_tests.cpp.o[0m
[1.313s] [ 13%] [32mBuilding CXX object _deps/jsoncons-build/test/CMakeFiles/unit_tests.dir/jsonpath/src/jsonpath_flatten_tests.cpp.o[0m
[1.322s] [ 14%] [32mBuilding CXX object _deps/jsoncons-build/test/CMakeFiles/unit_tests.dir/jsonpointer/src/jsonpointer_tests.cpp.o[0m
[1.326s] [ 15%] [32mBuilding CXX object _deps/jsoncons-build/test/CMakeFiles/unit_tests.dir/jsonpath/src/jsonpath_function_tests.cpp.o[0m
[1.456s] [ 16%] [32m[1mLinking CXX executable zmq_pub[0m
[1.653s] [ 16%] Built target zmq_pub
[1.679s] [ 17%] [32mBuilding CXX object _deps/jsoncons-build/test/CMakeFiles/unit_tests.dir/jsonschema/src/custom_message_tests.cpp.o[0m
