[0mgmake[1]: Entering directory '/home/shanto/Documents/arm-ws-v0.0.0/ros_ws/build/coppeliasim_bridge/_deps/jsoncons-subbuild'
gmake[2]: Entering directory '/home/shanto/Documents/arm-ws-v0.0.0/ros_ws/build/coppeliasim_bridge/_deps/jsoncons-subbuild'
gmake[3]: Entering directory '/home/shanto/Documents/arm-ws-v0.0.0/ros_ws/build/coppeliasim_bridge/_deps/jsoncons-subbuild'
gmake[3]: Leaving directory '/home/shanto/Documents/arm-ws-v0.0.0/ros_ws/build/coppeliasim_bridge/_deps/jsoncons-subbuild'
gmake[3]: Entering directory '/home/shanto/Documents/arm-ws-v0.0.0/ros_ws/build/coppeliasim_bridge/_deps/jsoncons-subbuild'
[ 11%] [34m[1mPerforming update step for 'jsoncons-populate'[0m
fatal: 'origin' does not appear to be a git repository
fatal: Could not read from remote repository.

Please make sure you have the correct access rights
and the repository exists.
[31mCMake Error at /home/shanto/Documents/arm-ws-v0.0.0/ros_ws/build/coppeliasim_bridge/_deps/jsoncons-subbuild/jsoncons-populate-prefix/tmp/jsoncons-populate-gitupdate.cmake:97 (execute_process):
  execute_process failed command indexes:

    1: "Child return code: 128"


[0m
gmake[3]: *** [CMakeFiles/jsoncons-populate.dir/build.make:136: jsoncons-populate-prefix/src/jsoncons-populate-stamp/jsoncons-populate-update] Error 1
gmake[3]: Leaving directory '/home/shanto/Documents/arm-ws-v0.0.0/ros_ws/build/coppeliasim_bridge/_deps/jsoncons-subbuild'
gmake[2]: *** [CMakeFiles/Makefile2:83: CMakeFiles/jsoncons-populate.dir/all] Error 2
gmake[2]: Leaving directory '/home/shanto/Documents/arm-ws-v0.0.0/ros_ws/build/coppeliasim_bridge/_deps/jsoncons-subbuild'
gmake[1]: *** [Makefile:91: all] Error 2
gmake[1]: Leaving directory '/home/shanto/Documents/arm-ws-v0.0.0/ros_ws/build/coppeliasim_bridge/_deps/jsoncons-subbuild'
[0m
[31mCMake Error at /usr/share/cmake-3.22/Modules/FetchContent.cmake:1087 (message):
  Build step for jsoncons failed: 2
Call Stack (most recent call first):
  /usr/share/cmake-3.22/Modules/FetchContent.cmake:1216:EVAL:2 (__FetchContent_directPopulate)
  /usr/share/cmake-3.22/Modules/FetchContent.cmake:1216 (cmake_language)
  CMakeLists.txt:43 (FetchContent_Populate)

[0m
gmake: *** [Makefile:308: cmake_check_build_system] Error 1
