[0.013s] Invoking command in '/home/shanto/Documents/arm-ws-v0.0.0/ros_ws/build/coppeliasim_bridge': CMAKE_PREFIX_PATH=${CMAKE_PREFIX_PATH}:/opt/ros/humble /usr/bin/cmake --build /home/shanto/Documents/arm-ws-v0.0.0/ros_ws/build/coppeliasim_bridge -- -j22 -l22
[0.038s] -- Found ament_cmake: 1.3.11 (/opt/ros/humble/share/ament_cmake/cmake)
[0.128s] -- CoppeliaSim: COPPELIASIM_INCLUDE_DIR: /home/shanto/CoppeliaSim_Pro_V4_10_0_rev0_Ubuntu22_04/programming/include
[0.128s] -- CoppeliaSim: COPPELIASIM_ROOT_DIR: /home/shanto/CoppeliaSim_Pro_V4_10_0_rev0_Ubuntu22_04
[0.128s] -- Checking CoppeliaSim header version...
[0.340s] -- CoppeliaSim headers version 4.10.0 rev0
[0.340s] -- CoppeliaSim: COPPELIASIM_RESOURCES_DIR: /home/shanto/CoppeliaSim_Pro_V4_10_0_rev0_Ubuntu22_04
[0.340s] -- CoppeliaSim: COPPELIASIM_PLUGINS_DIR: /home/shanto/CoppeliaSim_Pro_V4_10_0_rev0_Ubuntu22_04
[0.340s] -- CoppeliaSim: COPPELIASIM_EXECUTABLES_DIR: /home/shanto/CoppeliaSim_Pro_V4_10_0_rev0_Ubuntu22_04
[0.340s] -- CoppeliaSim: COPPELIASIM_LIBRARIES_DIR: /home/shanto/CoppeliaSim_Pro_V4_10_0_rev0_Ubuntu22_04
[0.340s] -- CoppeliaSim: COPPELIASIM_ADDONS_DIR: /home/shanto/CoppeliaSim_Pro_V4_10_0_rev0_Ubuntu22_04/addOns
[0.340s] -- CoppeliaSim: COPPELIASIM_MANUAL_DIR: /home/shanto/CoppeliaSim_Pro_V4_10_0_rev0_Ubuntu22_04/manual
[0.340s] -- CoppeliaSim: COPPELIASIM_MODELS_DIR: /home/shanto/CoppeliaSim_Pro_V4_10_0_rev0_Ubuntu22_04/models
[0.340s] -- CoppeliaSim: COPPELIASIM_SCENES_DIR: /home/shanto/CoppeliaSim_Pro_V4_10_0_rev0_Ubuntu22_04/scenes
[0.341s] -- CoppeliaSim: COPPELIASIM_LUA_DIR: /home/shanto/CoppeliaSim_Pro_V4_10_0_rev0_Ubuntu22_04/lua
[0.341s] -- CoppeliaSim: COPPELIASIM_PYTHON_DIR: /home/shanto/CoppeliaSim_Pro_V4_10_0_rev0_Ubuntu22_04/python
[0.341s] -- CoppeliaSim: COPPELIASIM_EXECUTABLE: /home/shanto/CoppeliaSim_Pro_V4_10_0_rev0_Ubuntu22_04/coppeliaSim
[0.503s] [0mgmake[1]: Entering directory '/home/shanto/Documents/arm-ws-v0.0.0/ros_ws/build/coppeliasim_bridge/_deps/jsoncons-subbuild'
[0.503s] gmake[2]: Entering directory '/home/shanto/Documents/arm-ws-v0.0.0/ros_ws/build/coppeliasim_bridge/_deps/jsoncons-subbuild'
[0.503s] gmake[3]: Entering directory '/home/shanto/Documents/arm-ws-v0.0.0/ros_ws/build/coppeliasim_bridge/_deps/jsoncons-subbuild'
[0.503s] gmake[3]: Leaving directory '/home/shanto/Documents/arm-ws-v0.0.0/ros_ws/build/coppeliasim_bridge/_deps/jsoncons-subbuild'
[0.504s] gmake[3]: Entering directory '/home/shanto/Documents/arm-ws-v0.0.0/ros_ws/build/coppeliasim_bridge/_deps/jsoncons-subbuild'
[0.504s] [ 11%] [34m[1mPerforming update step for 'jsoncons-populate'[0m
[0.504s] fatal: 'origin' does not appear to be a git repository
[0.504s] fatal: Could not read from remote repository.
[0.504s] 
[0.504s] Please make sure you have the correct access rights
[0.504s] and the repository exists.
[0.504s] [31mCMake Error at /home/shanto/Documents/arm-ws-v0.0.0/ros_ws/build/coppeliasim_bridge/_deps/jsoncons-subbuild/jsoncons-populate-prefix/tmp/jsoncons-populate-gitupdate.cmake:97 (execute_process):
[0.504s]   execute_process failed command indexes:
[0.504s] 
[0.504s]     1: "Child return code: 128"
[0.504s] 
[0.504s] 
[0.504s] [0m
[0.504s] gmake[3]: *** [CMakeFiles/jsoncons-populate.dir/build.make:136: jsoncons-populate-prefix/src/jsoncons-populate-stamp/jsoncons-populate-update] Error 1
[0.504s] gmake[3]: Leaving directory '/home/shanto/Documents/arm-ws-v0.0.0/ros_ws/build/coppeliasim_bridge/_deps/jsoncons-subbuild'
[0.504s] gmake[2]: *** [CMakeFiles/Makefile2:83: CMakeFiles/jsoncons-populate.dir/all] Error 2
[0.504s] gmake[2]: Leaving directory '/home/shanto/Documents/arm-ws-v0.0.0/ros_ws/build/coppeliasim_bridge/_deps/jsoncons-subbuild'
[0.504s] gmake[1]: *** [Makefile:91: all] Error 2
[0.504s] gmake[1]: Leaving directory '/home/shanto/Documents/arm-ws-v0.0.0/ros_ws/build/coppeliasim_bridge/_deps/jsoncons-subbuild'
[0.504s] [0m
[0.505s] [31mCMake Error at /usr/share/cmake-3.22/Modules/FetchContent.cmake:1087 (message):
[0.505s]   Build step for jsoncons failed: 2
[0.505s] Call Stack (most recent call first):
[0.505s]   /usr/share/cmake-3.22/Modules/FetchContent.cmake:1216:EVAL:2 (__FetchContent_directPopulate)
[0.505s]   /usr/share/cmake-3.22/Modules/FetchContent.cmake:1216 (cmake_language)
[0.505s]   CMakeLists.txt:43 (FetchContent_Populate)
[0.505s] 
[0.505s] [0m
[0.505s] -- Configuring incomplete, errors occurred!
[0.505s] See also "/home/shanto/Documents/arm-ws-v0.0.0/ros_ws/build/coppeliasim_bridge/CMakeFiles/CMakeOutput.log".
[0.506s] gmake: *** [Makefile:308: cmake_check_build_system] Error 1
[0.508s] Invoked command in '/home/shanto/Documents/arm-ws-v0.0.0/ros_ws/build/coppeliasim_bridge' returned '2': CMAKE_PREFIX_PATH=${CMAKE_PREFIX_PATH}:/opt/ros/humble /usr/bin/cmake --build /home/shanto/Documents/arm-ws-v0.0.0/ros_ws/build/coppeliasim_bridge -- -j22 -l22
