[0.017s] Invoking command in '/home/shanto/Documents/arm-ws-v0.0.0/ros_ws/build/coppeliasim_bridge': CMAKE_PREFIX_PATH=${CMAKE_PREFIX_PATH}:/opt/ros/humble /usr/bin/cmake --build /home/shanto/Documents/arm-ws-v0.0.0/ros_ws/build/coppeliasim_bridge -- -j22 -l22
[0.908s] -- jsoncons v1.3.2
[0.915s] -- Version 11.4.0
[0.916s] -- Found ament_cmake: 1.3.11 (/opt/ros/humble/share/ament_cmake/cmake)
[1.008s] -- Found CoppeliaSim at: /home/shanto/CoppeliaSim_Pro_V4_10_0_rev0_Ubuntu22_04
[1.008s] -- CoppeliaSim include dir: /home/shanto/CoppeliaSim_Pro_V4_10_0_rev0_Ubuntu22_04/programming/include
[1.008s] -- CoppeliaSim lib dir: /home/shanto/CoppeliaSim_Pro_V4_10_0_rev0_Ubuntu22_04/programming/lib
[1.059s] -- Checking for module 'libzmq'
[1.078s] --   Found libzmq, version 4.3.6
[1.295s] -- Found Boost: /usr/lib/x86_64-linux-gnu/cmake/Boost-1.74.0/BoostConfig.cmake (found version "1.74.0") found components: system thread 
[1.296s] -- Found ament_lint_auto: 0.12.12 (/opt/ros/humble/share/ament_lint_auto/cmake)
[1.351s] -- Added test 'cppcheck' to perform static code analysis on C / C++ code
[1.351s] -- Configured cppcheck include dirs: 
[1.351s] -- Configured cppcheck exclude dirs and/or files: 
[1.351s] -- Added test 'lint_cmake' to check CMake code style
[1.351s] -- Added test 'uncrustify' to check C / C++ code style
[1.351s] -- Configured uncrustify additional arguments: 
[1.351s] -- Added test 'xmllint' to check XML markup files
[1.352s] -- Configuring done
[1.370s] -- Generating done
[1.375s] -- Build files have been written to: /home/shanto/Documents/arm-ws-v0.0.0/ros_ws/build/coppeliasim_bridge
[1.405s] [35m[1mConsolidate compiler generated dependencies of target zmq_pub[0m
[1.484s] [  0%] [32mBuilding CXX object _deps/jsoncons-build/test/CMakeFiles/unit_tests.dir/bson/src/bson_cursor_tests.cpp.o[0m
[1.485s] [  1%] [32mBuilding CXX object _deps/jsoncons-build/test/CMakeFiles/unit_tests.dir/bson/src/bson_encoder_tests.cpp.o[0m
[1.486s] [  2%] [32mBuilding CXX object _deps/jsoncons-build/test/CMakeFiles/unit_tests.dir/bson/src/bson_decimal128_tests.cpp.o[0m
[1.500s] [  2%] [32mBuilding CXX object _deps/jsoncons-build/test/CMakeFiles/unit_tests.dir/bson/src/encode_decode_bson_tests.cpp.o[0m
[1.503s] [  3%] [32mBuilding CXX object _deps/jsoncons-build/test/CMakeFiles/unit_tests.dir/bson/src/bson_test_suite.cpp.o[0m
[1.504s] [  3%] [32mBuilding CXX object _deps/jsoncons-build/test/CMakeFiles/unit_tests.dir/bson/src/bson_oid_tests.cpp.o[0m
[1.508s] [  4%] [32mBuilding CXX object CMakeFiles/zmq_pub.dir/src/zmq_pub.cpp.o[0m
[1.509s] [  5%] [32mBuilding CXX object _deps/jsoncons-build/test/CMakeFiles/unit_tests.dir/cbor/src/cbor_bitset_traits_tests.cpp.o[0m
[1.513s] [  6%] [32mBuilding CXX object _deps/jsoncons-build/test/CMakeFiles/unit_tests.dir/bson/src/bson_reader_tests.cpp.o[0m
[1.518s] [  7%] [32mBuilding CXX object _deps/jsoncons-build/test/CMakeFiles/unit_tests.dir/cbor/src/cbor_cursor_tests.cpp.o[0m
[1.524s] [  7%] [32mBuilding CXX object _deps/jsoncons-build/test/CMakeFiles/unit_tests.dir/corelib/src/detail/string_view_tests.cpp.o[0m
[1.525s] [  8%] [32mBuilding CXX object _deps/jsoncons-build/test/CMakeFiles/unit_tests.dir/cbor/src/cbor_reader_tests.cpp.o[0m
[1.526s] [  8%] [32mBuilding CXX object _deps/jsoncons-build/test/CMakeFiles/unit_tests.dir/cbor/src/cbor_tests.cpp.o[0m
[1.526s] [  9%] [32mBuilding CXX object _deps/jsoncons-build/test/CMakeFiles/unit_tests.dir/corelib/src/detail/span_tests.cpp.o[0m
[1.533s] [  9%] [32mBuilding CXX object _deps/jsoncons-build/test/CMakeFiles/unit_tests.dir/cbor/src/encode_cbor_tests.cpp.o[0m
[1.534s] [ 10%] [32mBuilding CXX object _deps/jsoncons-build/test/CMakeFiles/unit_tests.dir/cbor/src/cbor_event_visitor_tests.cpp.o[0m
[1.534s] [ 10%] [32mBuilding CXX object _deps/jsoncons-build/test/CMakeFiles/unit_tests.dir/cbor/src/cbor_encoder_tests.cpp.o[0m
[1.536s] [ 11%] [32mBuilding CXX object _deps/jsoncons-build/test/CMakeFiles/unit_tests.dir/corelib/src/double_round_trip_tests.cpp.o[0m
[1.542s] [ 12%] [32mBuilding CXX object _deps/jsoncons-build/test/CMakeFiles/unit_tests.dir/cbor/src/decode_cbor_tests.cpp.o[0m
[1.543s] [ 13%] [32mBuilding CXX object _deps/jsoncons-build/test/CMakeFiles/unit_tests.dir/cbor/src/cbor_event_reader_tests.cpp.o[0m
[1.545s] [ 14%] [32mBuilding CXX object _deps/jsoncons-build/test/CMakeFiles/unit_tests.dir/corelib/src/detail/optional_tests.cpp.o[0m
[1.554s] [ 15%] [32mBuilding CXX object _deps/jsoncons-build/test/CMakeFiles/unit_tests.dir/cbor/src/cbor_typed_array_tests.cpp.o[0m
[1.865s] [01m[K/home/shanto/Documents/arm-ws-v0.0.0/ros_ws/src/coppeliasim_bridge/src/zmq_pub.cpp:[m[K In function ‘[01m[Kint main(int, char**)[m[K’:
[1.865s] [01m[K/home/shanto/Documents/arm-ws-v0.0.0/ros_ws/src/coppeliasim_bridge/src/zmq_pub.cpp:3:14:[m[K [01;35m[Kwarning: [m[Kunused parameter ‘[01m[Kargc[m[K’ [[01;35m[K]8;;https://gcc.gnu.org/onlinedocs/gcc/Warning-Options.html#index-Wunused-parameter-Wunused-parameter]8;;[m[K]
[1.865s]     3 | int main([01;35m[Kint argc[m[K, char **argv)
[1.865s]       |          [01;35m[K~~~~^~~~[m[K
[1.865s] [01m[K/home/shanto/Documents/arm-ws-v0.0.0/ros_ws/src/coppeliasim_bridge/src/zmq_pub.cpp:3:27:[m[K [01;35m[Kwarning: [m[Kunused parameter ‘[01m[Kargv[m[K’ [[01;35m[K]8;;https://gcc.gnu.org/onlinedocs/gcc/Warning-Options.html#index-Wunused-parameter-Wunused-parameter]8;;[m[K]
[1.865s]     3 | int main(int argc, [01;35m[Kchar **argv[m[K)
[1.865s]       |                    [01;35m[K~~~~~~~^~~~[m[K
[1.956s] [ 16%] [32m[1mLinking CXX executable zmq_pub[0m
[2.104s] [ 16%] Built target zmq_pub
[2.143s] [ 17%] [32mBuilding CXX object _deps/jsoncons-build/test/CMakeFiles/unit_tests.dir/corelib/src/double_to_string_tests.cpp.o[0m
[2.870s] [ 18%] [32mBuilding CXX object _deps/jsoncons-build/test/CMakeFiles/unit_tests.dir/corelib/src/dtoa_tests.cpp.o[0m
[3.174s] [ 18%] [32mBuilding CXX object _deps/jsoncons-build/test/CMakeFiles/unit_tests.dir/corelib/src/encode_decode_json_tests.cpp.o[0m
[3.902s] [ 19%] [32mBuilding CXX object _deps/jsoncons-build/test/CMakeFiles/unit_tests.dir/corelib/src/json_array_tests.cpp.o[0m
[4.371s] [ 20%] [32mBuilding CXX object _deps/jsoncons-build/test/CMakeFiles/unit_tests.dir/corelib/src/json_as_tests.cpp.o[0m
[5.678s] [ 20%] [32mBuilding CXX object _deps/jsoncons-build/test/CMakeFiles/unit_tests.dir/corelib/src/json_assignment_tests.cpp.o[0m
[6.546s] [ 21%] [32mBuilding CXX object _deps/jsoncons-build/test/CMakeFiles/unit_tests.dir/corelib/src/json_bitset_traits_tests.cpp.o[0m
[11.225s] [ 22%] [32mBuilding CXX object _deps/jsoncons-build/test/CMakeFiles/unit_tests.dir/corelib/src/json_const_pointer_arg_tests.cpp.o[0m
[11.226s] [ 23%] [32mBuilding CXX object _deps/jsoncons-build/test/CMakeFiles/unit_tests.dir/corelib/src/json_constructor_tests.cpp.o[0m
[11.227s] [ 23%] [32mBuilding CXX object _deps/jsoncons-build/test/CMakeFiles/unit_tests.dir/corelib/src/json_compare_tests.cpp.o[0m
[11.227s] [ 24%] [32mBuilding CXX object _deps/jsoncons-build/test/CMakeFiles/unit_tests.dir/corelib/src/json_checker_tests.cpp.o[0m
