-- The C compiler identification is GNU 11.4.0
-- The CXX compiler identification is GNU 11.4.0
-- Detecting C compiler ABI info
-- Detecting C compiler ABI info - done
-- Check for working C compiler: /usr/bin/cc - skipped
-- Detecting C compile features
-- Detecting C compile features - done
-- Detecting CXX compiler ABI info
-- Detecting CXX compiler ABI info - done
-- Check for working CXX compiler: /usr/bin/c++ - skipped
-- Detecting CXX compile features
-- Detecting CXX compile features - done
-- Found ament_cmake: 1.3.11 (/opt/ros/humble/share/ament_cmake/cmake)
-- Found Python3: /usr/bin/python3 (found version "3.10.12") found components: Interpreter 
-- Found ament_lint_auto: 0.12.12 (/opt/ros/humble/share/ament_lint_auto/cmake)
-- Added test 'lint_cmake' to check CMake code style
-- Added test 'xmllint' to check XML markup files
-- Configuring done
-- Generating done
-- Build files have been written to: /home/shanto/Documents/arm-ws-v0.0.0/ros_ws/build/planner
-- Install configuration: ""
-- Installing: /home/shanto/Documents/arm-ws-v0.0.0/ros_ws/install/planner/share/ament_index/resource_index/package_run_dependencies/planner
-- Installing: /home/shanto/Documents/arm-ws-v0.0.0/ros_ws/install/planner/share/ament_index/resource_index/parent_prefix_path/planner
-- Installing: /home/shanto/Documents/arm-ws-v0.0.0/ros_ws/install/planner/share/planner/environment/ament_prefix_path.sh
-- Installing: /home/shanto/Documents/arm-ws-v0.0.0/ros_ws/install/planner/share/planner/environment/ament_prefix_path.dsv
-- Installing: /home/shanto/Documents/arm-ws-v0.0.0/ros_ws/install/planner/share/planner/environment/path.sh
-- Installing: /home/shanto/Documents/arm-ws-v0.0.0/ros_ws/install/planner/share/planner/environment/path.dsv
-- Installing: /home/shanto/Documents/arm-ws-v0.0.0/ros_ws/install/planner/share/planner/local_setup.bash
-- Installing: /home/shanto/Documents/arm-ws-v0.0.0/ros_ws/install/planner/share/planner/local_setup.sh
-- Installing: /home/shanto/Documents/arm-ws-v0.0.0/ros_ws/install/planner/share/planner/local_setup.zsh
-- Installing: /home/shanto/Documents/arm-ws-v0.0.0/ros_ws/install/planner/share/planner/local_setup.dsv
-- Installing: /home/shanto/Documents/arm-ws-v0.0.0/ros_ws/install/planner/share/planner/package.dsv
-- Installing: /home/shanto/Documents/arm-ws-v0.0.0/ros_ws/install/planner/share/ament_index/resource_index/packages/planner
-- Installing: /home/shanto/Documents/arm-ws-v0.0.0/ros_ws/install/planner/share/planner/cmake/plannerConfig.cmake
-- Installing: /home/shanto/Documents/arm-ws-v0.0.0/ros_ws/install/planner/share/planner/cmake/plannerConfig-version.cmake
-- Installing: /home/shanto/Documents/arm-ws-v0.0.0/ros_ws/install/planner/share/planner/package.xml
