[0.134s] Invoking command in '/home/shanto/Documents/arm-ws-v0.0.0/ros_ws/build/planner': CMAKE_PREFIX_PATH=${CMAKE_PREFIX_PATH}:/home/shanto/Documents/arm-ws-v0.0.0/ros_ws/src/install/cps_bridge:/home/shanto/Documents/arm-ws-v0.0.0/ros_ws/install/cps_bridge:/opt/ros/humble /usr/bin/cmake /home/shanto/Documents/arm-ws-v0.0.0/ros_ws/src/planner -DCMAKE_INSTALL_PREFIX=/home/shanto/Documents/arm-ws-v0.0.0/ros_ws/install/planner
[0.189s] -- The C compiler identification is GNU 11.4.0
[0.236s] -- The CXX compiler identification is GNU 11.4.0
[0.243s] -- Detecting C compiler ABI info
[0.312s] -- Detecting C compiler ABI info - done
[0.316s] -- Check for working C compiler: /usr/bin/cc - skipped
[0.317s] -- Detecting C compile features
[0.317s] -- Detecting C compile features - done
[0.318s] -- Detecting CXX compiler ABI info
[0.391s] -- Detecting CXX compiler ABI info - done
[0.396s] -- Check for working CXX compiler: /usr/bin/c++ - skipped
[0.396s] -- Detecting CXX compile features
[0.396s] -- Detecting CXX compile features - done
[0.399s] -- Found ament_cmake: 1.3.11 (/opt/ros/humble/share/ament_cmake/cmake)
[0.653s] -- Found Python3: /usr/bin/python3 (found version "3.10.12") found components: Interpreter 
[0.712s] -- Found ament_lint_auto: 0.12.12 (/opt/ros/humble/share/ament_lint_auto/cmake)
[0.773s] -- Added test 'lint_cmake' to check CMake code style
[0.773s] -- Added test 'xmllint' to check XML markup files
[0.774s] -- Configuring done
[0.775s] -- Generating done
[0.776s] -- Build files have been written to: /home/shanto/Documents/arm-ws-v0.0.0/ros_ws/build/planner
[0.780s] Invoked command in '/home/shanto/Documents/arm-ws-v0.0.0/ros_ws/build/planner' returned '0': CMAKE_PREFIX_PATH=${CMAKE_PREFIX_PATH}:/home/shanto/Documents/arm-ws-v0.0.0/ros_ws/src/install/cps_bridge:/home/shanto/Documents/arm-ws-v0.0.0/ros_ws/install/cps_bridge:/opt/ros/humble /usr/bin/cmake /home/shanto/Documents/arm-ws-v0.0.0/ros_ws/src/planner -DCMAKE_INSTALL_PREFIX=/home/shanto/Documents/arm-ws-v0.0.0/ros_ws/install/planner
[0.781s] Invoking command in '/home/shanto/Documents/arm-ws-v0.0.0/ros_ws/build/planner': CMAKE_PREFIX_PATH=${CMAKE_PREFIX_PATH}:/home/shanto/Documents/arm-ws-v0.0.0/ros_ws/src/install/cps_bridge:/home/shanto/Documents/arm-ws-v0.0.0/ros_ws/install/cps_bridge:/opt/ros/humble /usr/bin/cmake --build /home/shanto/Documents/arm-ws-v0.0.0/ros_ws/build/planner -- -j22 -l22
[0.827s] Invoked command in '/home/shanto/Documents/arm-ws-v0.0.0/ros_ws/build/planner' returned '0': CMAKE_PREFIX_PATH=${CMAKE_PREFIX_PATH}:/home/shanto/Documents/arm-ws-v0.0.0/ros_ws/src/install/cps_bridge:/home/shanto/Documents/arm-ws-v0.0.0/ros_ws/install/cps_bridge:/opt/ros/humble /usr/bin/cmake --build /home/shanto/Documents/arm-ws-v0.0.0/ros_ws/build/planner -- -j22 -l22
[0.836s] Invoking command in '/home/shanto/Documents/arm-ws-v0.0.0/ros_ws/build/planner': CMAKE_PREFIX_PATH=${CMAKE_PREFIX_PATH}:/home/shanto/Documents/arm-ws-v0.0.0/ros_ws/src/install/cps_bridge:/home/shanto/Documents/arm-ws-v0.0.0/ros_ws/install/cps_bridge:/opt/ros/humble /usr/bin/cmake --install /home/shanto/Documents/arm-ws-v0.0.0/ros_ws/build/planner
[0.845s] -- Install configuration: ""
[0.846s] -- Installing: /home/shanto/Documents/arm-ws-v0.0.0/ros_ws/install/planner/share/ament_index/resource_index/package_run_dependencies/planner
[0.846s] -- Installing: /home/shanto/Documents/arm-ws-v0.0.0/ros_ws/install/planner/share/ament_index/resource_index/parent_prefix_path/planner
[0.846s] -- Installing: /home/shanto/Documents/arm-ws-v0.0.0/ros_ws/install/planner/share/planner/environment/ament_prefix_path.sh
[0.846s] -- Installing: /home/shanto/Documents/arm-ws-v0.0.0/ros_ws/install/planner/share/planner/environment/ament_prefix_path.dsv
[0.846s] -- Installing: /home/shanto/Documents/arm-ws-v0.0.0/ros_ws/install/planner/share/planner/environment/path.sh
[0.846s] -- Installing: /home/shanto/Documents/arm-ws-v0.0.0/ros_ws/install/planner/share/planner/environment/path.dsv
[0.846s] -- Installing: /home/shanto/Documents/arm-ws-v0.0.0/ros_ws/install/planner/share/planner/local_setup.bash
[0.846s] -- Installing: /home/shanto/Documents/arm-ws-v0.0.0/ros_ws/install/planner/share/planner/local_setup.sh
[0.846s] -- Installing: /home/shanto/Documents/arm-ws-v0.0.0/ros_ws/install/planner/share/planner/local_setup.zsh
[0.847s] -- Installing: /home/shanto/Documents/arm-ws-v0.0.0/ros_ws/install/planner/share/planner/local_setup.dsv
[0.847s] -- Installing: /home/shanto/Documents/arm-ws-v0.0.0/ros_ws/install/planner/share/planner/package.dsv
[0.847s] -- Installing: /home/shanto/Documents/arm-ws-v0.0.0/ros_ws/install/planner/share/ament_index/resource_index/packages/planner
[0.847s] -- Installing: /home/shanto/Documents/arm-ws-v0.0.0/ros_ws/install/planner/share/planner/cmake/plannerConfig.cmake
[0.847s] -- Installing: /home/shanto/Documents/arm-ws-v0.0.0/ros_ws/install/planner/share/planner/cmake/plannerConfig-version.cmake
[0.847s] -- Installing: /home/shanto/Documents/arm-ws-v0.0.0/ros_ws/install/planner/share/planner/package.xml
[0.848s] Invoked command in '/home/shanto/Documents/arm-ws-v0.0.0/ros_ws/build/planner' returned '0': CMAKE_PREFIX_PATH=${CMAKE_PREFIX_PATH}:/home/shanto/Documents/arm-ws-v0.0.0/ros_ws/src/install/cps_bridge:/home/shanto/Documents/arm-ws-v0.0.0/ros_ws/install/cps_bridge:/opt/ros/humble /usr/bin/cmake --install /home/shanto/Documents/arm-ws-v0.0.0/ros_ws/build/planner
