-- Found ament_cmake: 1.3.11 (/opt/ros/humble/share/ament_cmake/cmake)
-- CoppeliaSim: COPPELIASIM_INCLUDE_DIR: /home/shanto/CoppeliaSim_Pro_V4_10_0_rev0_Ubuntu22_04/programming/include
-- CoppeliaSim: COPPELIASIM_ROOT_DIR: /home/shanto/CoppeliaSim_Pro_V4_10_0_rev0_Ubuntu22_04
-- Checking CoppeliaSim header version...
-- CoppeliaSim headers version 4.10.0 rev0
-- CoppeliaSim: COPPELIASIM_RESOURCES_DIR: /home/shanto/CoppeliaSim_Pro_V4_10_0_rev0_Ubuntu22_04
-- CoppeliaSim: COPPELIASIM_PLUGINS_DIR: /home/shanto/CoppeliaSim_Pro_V4_10_0_rev0_Ubuntu22_04
-- CoppeliaSim: COPPELIASIM_EXECUTABLES_DIR: /home/shanto/CoppeliaSim_Pro_V4_10_0_rev0_Ubuntu22_04
-- CoppeliaSim: COPPELIASIM_LIBRARIES_DIR: /home/shanto/CoppeliaSim_Pro_V4_10_0_rev0_Ubuntu22_04
-- CoppeliaSim: COPPELIASIM_ADDONS_DIR: /home/shanto/CoppeliaSim_Pro_V4_10_0_rev0_Ubuntu22_04/addOns
-- CoppeliaSim: COPPELIASIM_MANUAL_DIR: /home/shanto/CoppeliaSim_Pro_V4_10_0_rev0_Ubuntu22_04/manual
-- CoppeliaSim: COPPELIASIM_MODELS_DIR: /home/shanto/CoppeliaSim_Pro_V4_10_0_rev0_Ubuntu22_04/models
-- CoppeliaSim: COPPELIASIM_SCENES_DIR: /home/shanto/CoppeliaSim_Pro_V4_10_0_rev0_Ubuntu22_04/scenes
-- CoppeliaSim: COPPELIASIM_LUA_DIR: /home/shanto/CoppeliaSim_Pro_V4_10_0_rev0_Ubuntu22_04/lua
-- CoppeliaSim: COPPELIASIM_PYTHON_DIR: /home/shanto/CoppeliaSim_Pro_V4_10_0_rev0_Ubuntu22_04/python
-- CoppeliaSim: COPPELIASIM_EXECUTABLE: /home/shanto/CoppeliaSim_Pro_V4_10_0_rev0_Ubuntu22_04/coppeliaSim
-- Found Boost: /usr/lib/x86_64-linux-gnu/cmake/Boost-1.74.0/BoostConfig.cmake (found version "1.74.0") found components: regex 
-- Found Git: /usr/bin/git (found version "2.34.1") 
-- Found Boost: /usr/lib/x86_64-linux-gnu/cmake/Boost-1.74.0/BoostConfig.cmake (found version "1.74.0") found components: system thread 
-- Found ament_lint_auto: 0.12.12 (/opt/ros/humble/share/ament_lint_auto/cmake)
-- Added test 'cppcheck' to perform static code analysis on C / C++ code
-- Configured cppcheck include dirs: 
-- Configured cppcheck exclude dirs and/or files: 
-- Added test 'lint_cmake' to check CMake code style
-- Added test 'uncrustify' to check C / C++ code style
-- Configured uncrustify additional arguments: 
-- Added test 'xmllint' to check XML markup files
-- Configuring done
-- Generating done
-- Build files have been written to: /home/shanto/Documents/arm-ws-v0.0.0/ros_ws/build/coppeliasim_bridge
[ 25%] [32mBuilding CXX object CMakeFiles/RemoteAPIClient.dir/src/RemoteAPIClient.cpp.o[0m
